Using pre-set license
Built from '2021.3/staging' branch; Version is '2021.3.21f1 (1b156197d683) revision 1774945'; Using compiler version '192829333'; Build Type 'Release'
OS: 'Windows 11  (10.0.22621) 64bit Professional' Language: 'en' Physical Memory: 15791 MB
BatchMode: 1, IsHumanControllingUs: 0, StartBugReporterOnCrash: 0, Is64bit: 1, IsPro: 1

COMMAND LINE ARGUMENTS:
C:\Program Files\Unity\Hub\Editor\2021.3.21f1\Editor\Unity.exe
-adb2
-batchMode
-noUpm
-name
AssetImportWorker1
-projectPath
D:/Costea/ProiectEGC
-logFile
Logs/AssetImportWorker1.log
-srvPort
49872
Successfully changed project path to: D:/Costea/ProiectEGC
D:/Costea/ProiectEGC
[UnityMemory] Configuration Parameters - Can be set up in boot.config
    "memorysetup-bucket-allocator-granularity=16"
    "memorysetup-bucket-allocator-bucket-count=8"
    "memorysetup-bucket-allocator-block-size=33554432"
    "memorysetup-bucket-allocator-block-count=8"
    "memorysetup-main-allocator-block-size=16777216"
    "memorysetup-thread-allocator-block-size=16777216"
    "memorysetup-gfx-main-allocator-block-size=16777216"
    "memorysetup-gfx-thread-allocator-block-size=16777216"
    "memorysetup-cache-allocator-block-size=4194304"
    "memorysetup-typetree-allocator-block-size=2097152"
    "memorysetup-profiler-bucket-allocator-granularity=16"
    "memorysetup-profiler-bucket-allocator-bucket-count=8"
    "memorysetup-profiler-bucket-allocator-block-size=33554432"
    "memorysetup-profiler-bucket-allocator-block-count=8"
    "memorysetup-profiler-allocator-block-size=16777216"
    "memorysetup-profiler-editor-allocator-block-size=1048576"
    "memorysetup-temp-allocator-size-main=16777216"
    "memorysetup-job-temp-allocator-block-size=2097152"
    "memorysetup-job-temp-allocator-block-size-background=1048576"
    "memorysetup-job-temp-allocator-reduction-small-platforms=262144"
    "memorysetup-temp-allocator-size-background-worker=32768"
    "memorysetup-temp-allocator-size-job-worker=262144"
    "memorysetup-temp-allocator-size-preload-manager=33554432"
    "memorysetup-temp-allocator-size-nav-mesh-worker=65536"
    "memorysetup-temp-allocator-size-audio-worker=65536"
    "memorysetup-temp-allocator-size-cloud-worker=32768"
    "memorysetup-temp-allocator-size-gi-baking-worker=262144"
    "memorysetup-temp-allocator-size-gfx=262144"
Player connection [15132] Host "[IP] 192.168.0.126 [Port] 0 [Flags] 2 [Guid] 869099894 [EditorId] 869099894 [Version] 1048832 [Id] WindowsEditor(7,DRG) [Debug] 1 [PackageName] WindowsEditor [ProjectName] Editor" joined multi-casting on [225.0.0.222:54997]...

Player connection [15132] Host "[IP] 192.168.0.126 [Port] 0 [Flags] 2 [Guid] 869099894 [EditorId] 869099894 [Version] 1048832 [Id] WindowsEditor(7,DRG) [Debug] 1 [PackageName] WindowsEditor [ProjectName] Editor" joined alternative multi-casting on [225.0.0.222:34997]...

Refreshing native plugins compatible for Editor in 95.48 ms, found 3 plugins.
Preloading 0 native plugins for Editor in 0.00 ms.
Initialize engine version: 2021.3.21f1 (1b156197d683)
[Subsystems] Discovering subsystems at path C:/Program Files/Unity/Hub/Editor/2021.3.21f1/Editor/Data/Resources/UnitySubsystems
[Subsystems] Discovering subsystems at path D:/Costea/ProiectEGC/Assets
GfxDevice: creating device client; threaded=0; jobified=0
Direct3D:
    Version:  Direct3D 11.0 [level 11.1]
    Renderer: NVIDIA GeForce GTX 1650 Ti (ID=0x1f95)
    Vendor:   NVIDIA
    VRAM:     3949 MB
    Driver:   31.0.15.3598
Initialize mono
Mono path[0] = 'C:/Program Files/Unity/Hub/Editor/2021.3.21f1/Editor/Data/Managed'
Mono path[1] = 'C:/Program Files/Unity/Hub/Editor/2021.3.21f1/Editor/Data/MonoBleedingEdge/lib/mono/unityjit-win32'
Mono config path = 'C:/Program Files/Unity/Hub/Editor/2021.3.21f1/Editor/Data/MonoBleedingEdge/etc'
Using monoOptions --debugger-agent=transport=dt_socket,embedding=1,server=y,suspend=n,address=127.0.0.1:56172
Begin MonoManager ReloadAssembly
Registering precompiled unity dll's ...
Register platform support module: C:/Program Files/Unity/Hub/Editor/2021.3.21f1/Editor/Data/PlaybackEngines/WindowsStandaloneSupport/UnityEditor.WindowsStandalone.Extensions.dll
Registered in 0.005960 seconds.
Native extension for WindowsStandalone target not found
Refreshing native plugins compatible for Editor in 100.48 ms, found 3 plugins.
Preloading 0 native plugins for Editor in 0.00 ms.
Mono: successfully reloaded assembly
- Completed reload, in  0.642 seconds
Domain Reload Profiling:
	ReloadAssembly (643ms)
		BeginReloadAssembly (81ms)
			ExecutionOrderSort (0ms)
			DisableScriptedObjects (0ms)
			BackupInstance (0ms)
			ReleaseScriptingObjects (0ms)
			CreateAndSetChildDomain (1ms)
		EndReloadAssembly (464ms)
			LoadAssemblies (79ms)
			RebuildTransferFunctionScriptingTraits (0ms)
			SetupTypeCache (101ms)
			ReleaseScriptCaches (0ms)
			RebuildScriptCaches (24ms)
			SetupLoadedEditorAssemblies (293ms)
				LogAssemblyErrors (0ms)
				InitializePlatformSupportModulesInManaged (7ms)
				SetLoadedEditorAssemblies (0ms)
				RefreshPlugins (101ms)
				BeforeProcessingInitializeOnLoad (1ms)
				ProcessInitializeOnLoadAttributes (134ms)
				ProcessInitializeOnLoadMethodAttributes (50ms)
				AfterProcessingInitializeOnLoad (0ms)
				EditorAssembliesLoaded (0ms)
			ExecutionOrderSort2 (0ms)
			AwakeInstancesAfterBackupRestoration (0ms)
Platform modules already initialized, skipping
Registering precompiled user dll's ...
Registered in 0.003239 seconds.
Begin MonoManager ReloadAssembly
Symbol file LoadedFromMemory doesn't match image D:\Costea\ProiectEGC\Library\PackageCache\com.unity.visualscripting@1.8.0\Editor\VisualScripting.Core\Dependencies\YamlDotNet\Unity.VisualScripting.YamlDotNet.dll
Symbol file LoadedFromMemory doesn't match image D:\Costea\ProiectEGC\Library\PackageCache\com.unity.visualscripting@1.8.0\Editor\VisualScripting.Core\Dependencies\DotNetZip\Unity.VisualScripting.IonicZip.dll
Native extension for WindowsStandalone target not found
Refreshing native plugins compatible for Editor in 105.12 ms, found 3 plugins.
Preloading 0 native plugins for Editor in 0.00 ms.
Mono: successfully reloaded assembly
- Completed reload, in  1.256 seconds
Domain Reload Profiling:
	ReloadAssembly (1257ms)
		BeginReloadAssembly (101ms)
			ExecutionOrderSort (0ms)
			DisableScriptedObjects (5ms)
			BackupInstance (0ms)
			ReleaseScriptingObjects (0ms)
			CreateAndSetChildDomain (19ms)
		EndReloadAssembly (1058ms)
			LoadAssemblies (83ms)
			RebuildTransferFunctionScriptingTraits (0ms)
			SetupTypeCache (300ms)
			ReleaseScriptCaches (1ms)
			RebuildScriptCaches (63ms)
			SetupLoadedEditorAssemblies (575ms)
				LogAssemblyErrors (0ms)
				InitializePlatformSupportModulesInManaged (3ms)
				SetLoadedEditorAssemblies (0ms)
				RefreshPlugins (105ms)
				BeforeProcessingInitializeOnLoad (99ms)
				ProcessInitializeOnLoadAttributes (294ms)
				ProcessInitializeOnLoadMethodAttributes (66ms)
				AfterProcessingInitializeOnLoad (7ms)
				EditorAssembliesLoaded (0ms)
			ExecutionOrderSort2 (0ms)
			AwakeInstancesAfterBackupRestoration (6ms)
Platform modules already initialized, skipping
========================================================================
Worker process is ready to serve import requests
Launched and connected shader compiler UnityShaderCompiler.exe after 0.05 seconds
Refreshing native plugins compatible for Editor in 0.96 ms, found 3 plugins.
Preloading 0 native plugins for Editor in 0.00 ms.
Unloading 5322 Unused Serialized files (Serialized files now loaded: 0)
Unloading 34 unused Assets / (0.7 MB). Loaded Objects now: 5776.
Memory consumption went from 213.6 MB to 212.9 MB.
Total: 4.249900 ms (FindLiveObjects: 0.512200 ms CreateObjectMapping: 0.182900 ms MarkObjects: 3.224000 ms  DeleteObjects: 0.329500 ms)

AssetImportParameters requested are different than current active one (requested -> active):
  custom:video-decoder-ogg-theora: a1e56fd34408186e4bbccfd4996cb3dc -> 
  custom:container-muxer-webm: aa71ff27fc2769a1b78a27578f13a17b -> 
  custom:container-demuxer-webm: 4f35f7cbe854078d1ac9338744f61a02 -> 
  custom:video-encoder-webm-vp8: eb34c28f22e8b96e1ab97ce403110664 -> 
  custom:audio-encoder-webm-vorbis: bf7c407c2cedff20999df2af8eb42d56 -> 
  custom:framework-win-MediaFoundation: 216162199b28c13a410421893ffa2e32 -> 
  custom:container-demuxer-ogg: 62fdf1f143b41e24485cea50d1cbac27 -> 
  custom:video-decoder-webm-vp8: 9c59270c3fd7afecdb556c50c9e8de78 -> 
  custom:audio-decoder-ogg-vorbis: bf7c407c2cedff20999df2af8eb42d56 -> 
========================================================================
Received Import Request.
  Time since last request: 238.649925 seconds.
  path: Assets/InputSystem.inputsettings.asset
  artifactKey: Guid(7abe46dede6624a60a115c533b19a2a8) Importer(815301076,1909f56bfc062723c751e8b465ee728b)
Start importing Assets/InputSystem.inputsettings.asset using Guid(7abe46dede6624a60a115c533b19a2a8) Importer(815301076,1909f56bfc062723c751e8b465ee728b)  -> (artifact id: '4ff61f9933d2beb3f95834298f60752d') in 0.041860 seconds 
========================================================================
Received Import Request.
  Time since last request: 1241.903453 seconds.
  path: Assets/Runner/Environment/Levels/Level_001.asset
  artifactKey: Guid(366fbc992d8c5b64a8b99695369b6fd0) Importer(815301076,1909f56bfc062723c751e8b465ee728b)
Start importing Assets/Runner/Environment/Levels/Level_001.asset using Guid(366fbc992d8c5b64a8b99695369b6fd0) Importer(815301076,1909f56bfc062723c751e8b465ee728b)  -> (artifact id: 'c111ec97fdac8bcf3b9098c50e01e6a9') in 0.104317 seconds 
========================================================================
Received Import Request.
  Time since last request: 0.000030 seconds.
  path: Assets/Runner/Environment/Levels/Level_004.asset
  artifactKey: Guid(a9985d41945c6be4e8e59b53093fb196) Importer(815301076,1909f56bfc062723c751e8b465ee728b)
Start importing Assets/Runner/Environment/Levels/Level_004.asset using Guid(a9985d41945c6be4e8e59b53093fb196) Importer(815301076,1909f56bfc062723c751e8b465ee728b)  -> (artifact id: 'c37a37c2a9c39363419c398d6b0e3dd1') in 0.029223 seconds 
========================================================================
Received Import Request.
  Time since last request: 0.000023 seconds.
  path: Assets/Runner/Environment/Levels/Level_002.asset
  artifactKey: Guid(d42999e4de6a06c48911acceaeab6e27) Importer(815301076,1909f56bfc062723c751e8b465ee728b)
Start importing Assets/Runner/Environment/Levels/Level_002.asset using Guid(d42999e4de6a06c48911acceaeab6e27) Importer(815301076,1909f56bfc062723c751e8b465ee728b)  -> (artifact id: '921480846a442addfd23ada79f192ecc') in 0.026669 seconds 
========================================================================
Received Import Request.
  Time since last request: 107.178168 seconds.
  path: Assets/Runner/Environment/Prefabs/RunnerVolume.asset
  artifactKey: Guid(0ef76c0c6a3c64c9b9ed9c3c57e45e2d) Importer(815301076,1909f56bfc062723c751e8b465ee728b)
Start importing Assets/Runner/Environment/Prefabs/RunnerVolume.asset using Guid(0ef76c0c6a3c64c9b9ed9c3c57e45e2d) Importer(815301076,1909f56bfc062723c751e8b465ee728b)  -> (artifact id: 'ea1b1db56d7d9af44f71c36de384df25') in 0.010067 seconds 
========================================================================
Received Import Request.
  Time since last request: 0.000025 seconds.
  path: Assets/Runner/Environment/Prefabs/StartLine.prefab
  artifactKey: Guid(021e1ce6e148542ccaa52b42d50df7df) Importer(815301076,1909f56bfc062723c751e8b465ee728b)
Start importing Assets/Runner/Environment/Prefabs/StartLine.prefab using Guid(021e1ce6e148542ccaa52b42d50df7df) Importer(815301076,1909f56bfc062723c751e8b465ee728b)  -> (artifact id: 'f87be4bdeab3a6588de374d52ec54df7') in 0.853345 seconds 
========================================================================
Received Import Request.
  Time since last request: 0.637825 seconds.
  path: Assets/Runner/Environment/Prefabs/Spawnables/Collectable_Key.prefab
  artifactKey: Guid(c6bc8ac5158084d61bd0ff5226446964) Importer(815301076,1909f56bfc062723c751e8b465ee728b)
Start importing Assets/Runner/Environment/Prefabs/Spawnables/Collectable_Key.prefab using Guid(c6bc8ac5158084d61bd0ff5226446964) Importer(815301076,1909f56bfc062723c751e8b465ee728b)  -> (artifact id: '3b1a5f42dfcd70737862437e133ead2c') in 0.026907 seconds 
========================================================================
Received Import Request.
  Time since last request: 0.000023 seconds.
  path: Assets/Runner/Environment/Prefabs/Spawnables/GAC.prefab
  artifactKey: Guid(b4bd93161c785e843bec34c5426dbfcc) Importer(815301076,1909f56bfc062723c751e8b465ee728b)
Start importing Assets/Runner/Environment/Prefabs/Spawnables/GAC.prefab using Guid(b4bd93161c785e843bec34c5426dbfcc) Importer(815301076,1909f56bfc062723c751e8b465ee728b)  -> (artifact id: '40c64c5295f42d173cfbbd46df998202') in 0.138662 seconds 
========================================================================
Received Import Request.
  Time since last request: 0.000026 seconds.
  path: Assets/Runner/Environment/Prefabs/Spawnables/PL.prefab
  artifactKey: Guid(353fee99983120e44a2d6b67eea11917) Importer(815301076,1909f56bfc062723c751e8b465ee728b)
Start importing Assets/Runner/Environment/Prefabs/Spawnables/PL.prefab using Guid(353fee99983120e44a2d6b67eea11917) Importer(815301076,1909f56bfc062723c751e8b465ee728b)  -> (artifact id: 'edce800ffda599508df2b5c397089ae7') in 0.031868 seconds 
========================================================================
Received Import Request.
  Time since last request: 0.000037 seconds.
  path: Assets/Runner/Environment/Prefabs/Spawnables/Gate_SpeedIncrease.prefab
  artifactKey: Guid(cb9ad7287b7794fe0b9822d3dc1c14da) Importer(815301076,1909f56bfc062723c751e8b465ee728b)
Start importing Assets/Runner/Environment/Prefabs/Spawnables/Gate_SpeedIncrease.prefab using Guid(cb9ad7287b7794fe0b9822d3dc1c14da) Importer(815301076,1909f56bfc062723c751e8b465ee728b)  -> (artifact id: '1869dc5056d78698105695a7d47623d6') in 0.032923 seconds 
========================================================================
Received Import Request.
  Time since last request: 0.000031 seconds.
  path: Assets/Runner/Environment/Prefabs/Spawnables/DEEA2.prefab
  artifactKey: Guid(57ce50744f67ea34aa1fddb5940a7cdb) Importer(815301076,1909f56bfc062723c751e8b465ee728b)
Start importing Assets/Runner/Environment/Prefabs/Spawnables/DEEA2.prefab using Guid(57ce50744f67ea34aa1fddb5940a7cdb) Importer(815301076,1909f56bfc062723c751e8b465ee728b)  -> (artifact id: '087d4c3a6c1e1959a37d1ff3a42e3fb4') in 0.032644 seconds 
========================================================================
Received Import Request.
  Time since last request: 0.000031 seconds.
  path: Assets/Runner/Environment/Prefabs/Spawnables/Sport.prefab
  artifactKey: Guid(b78e50a77cc50fa46b0e79f9d2f4736b) Importer(815301076,1909f56bfc062723c751e8b465ee728b)
Start importing Assets/Runner/Environment/Prefabs/Spawnables/Sport.prefab using Guid(b78e50a77cc50fa46b0e79f9d2f4736b) Importer(815301076,1909f56bfc062723c751e8b465ee728b)  -> (artifact id: 'a8faf82469996cb17d68dd0ce5d42137') in 0.035393 seconds 
========================================================================
Received Import Request.
  Time since last request: 0.000027 seconds.
  path: Assets/Runner/Environment/Prefabs/Spawnables/MN.prefab
  artifactKey: Guid(ba0576b26e9518049b675eacb5ff3221) Importer(815301076,1909f56bfc062723c751e8b465ee728b)
Start importing Assets/Runner/Environment/Prefabs/Spawnables/MN.prefab using Guid(ba0576b26e9518049b675eacb5ff3221) Importer(815301076,1909f56bfc062723c751e8b465ee728b)  -> (artifact id: '43e3285b7baf1f656c589e205487148e') in 0.032710 seconds 
========================================================================
Received Import Request.
  Time since last request: 3.968759 seconds.
  path: Assets/Runner/Environment/Audio/Music.wav
  artifactKey: Guid(af19dcf2eb2434766b7ebfda2204fdbd) Importer(815301076,1909f56bfc062723c751e8b465ee728b)
Start importing Assets/Runner/Environment/Audio/Music.wav using Guid(af19dcf2eb2434766b7ebfda2204fdbd) Importer(815301076,1909f56bfc062723c751e8b465ee728b)  -> (artifact id: 'c5f9eff5061e4ffe00aec2d142e46999') in 0.052602 seconds 
========================================================================
Received Import Request.
  Time since last request: 0.000035 seconds.
  path: Assets/Runner/Environment/Audio/StartSound02.wav
  artifactKey: Guid(2746e40e99d6a496d9138c980ca19aa2) Importer(815301076,1909f56bfc062723c751e8b465ee728b)
Start importing Assets/Runner/Environment/Audio/StartSound02.wav using Guid(2746e40e99d6a496d9138c980ca19aa2) Importer(815301076,1909f56bfc062723c751e8b465ee728b)  -> (artifact id: 'f61af6e60b509198fc9c8de60ea3356d') in 0.018735 seconds 
========================================================================
Received Import Request.
  Time since last request: 4.390313 seconds.
  path: Assets/Runner/Environment/Textures/chevron.png
  artifactKey: Guid(75b5aacffb5814938a456d1bdc398499) Importer(815301076,1909f56bfc062723c751e8b465ee728b)
Start importing Assets/Runner/Environment/Textures/chevron.png using Guid(75b5aacffb5814938a456d1bdc398499) Importer(815301076,1909f56bfc062723c751e8b465ee728b)  -> (artifact id: '0464ec79d2005f2ff12c63a16b4d1109') in 0.026106 seconds 
========================================================================
Received Import Request.
  Time since last request: 6.699347 seconds.
  path: Assets/Runner/Prefabs/GameplayCamera.prefab
  artifactKey: Guid(a199d962ca53e4a10ba285d5d34bf335) Importer(815301076,1909f56bfc062723c751e8b465ee728b)
Start importing Assets/Runner/Prefabs/GameplayCamera.prefab using Guid(a199d962ca53e4a10ba285d5d34bf335) Importer(815301076,1909f56bfc062723c751e8b465ee728b)  -> (artifact id: 'c88d5854c209e48aac9b0f2680f366c3') in 0.016444 seconds 
========================================================================
Received Import Request.
  Time since last request: 0.000022 seconds.
  path: Assets/Runner/Prefabs/InputManager.prefab
  artifactKey: Guid(cdf45adc9574e4d54bb0716214b8f1c6) Importer(815301076,1909f56bfc062723c751e8b465ee728b)
Start importing Assets/Runner/Prefabs/InputManager.prefab using Guid(cdf45adc9574e4d54bb0716214b8f1c6) Importer(815301076,1909f56bfc062723c751e8b465ee728b)  -> (artifact id: '1bf1d16935dc1b8bb0ed22d5dc175caf') in 0.011368 seconds 
========================================================================
Received Import Request.
  Time since last request: 0.000022 seconds.
  path: Assets/Runner/Prefabs/RunnerSequenceManager.prefab
  artifactKey: Guid(6a3c13f7e2c6d42fe8c3f5029e1d0a98) Importer(815301076,1909f56bfc062723c751e8b465ee728b)
Start importing Assets/Runner/Prefabs/RunnerSequenceManager.prefab using Guid(6a3c13f7e2c6d42fe8c3f5029e1d0a98) Importer(815301076,1909f56bfc062723c751e8b465ee728b)  -> (artifact id: 'a76a87e8c9f6cdebc716b73da44e0edd') in 0.104759 seconds 
========================================================================
Received Import Request.
  Time since last request: 879.037500 seconds.
  path: Assets/Runner/Character/Models/Player.FBX
  artifactKey: Guid(a38f7b5b103d143b68ac7b651728e3ed) Importer(815301076,1909f56bfc062723c751e8b465ee728b)
Start importing Assets/Runner/Character/Models/Player.FBX using Guid(a38f7b5b103d143b68ac7b651728e3ed) Importer(815301076,1909f56bfc062723c751e8b465ee728b)  -> (artifact id: '982b2e3fbee2b9bd554b24508c0643a8') in 0.347801 seconds 
========================================================================
Received Import Request.
  Time since last request: 3.213874 seconds.
  path: Assets/Runner/Events/KeyPickedEvent.asset
  artifactKey: Guid(d8fa6750a045f40cdb26e0f0442f8be5) Importer(815301076,1909f56bfc062723c751e8b465ee728b)
Start importing Assets/Runner/Events/KeyPickedEvent.asset using Guid(d8fa6750a045f40cdb26e0f0442f8be5) Importer(815301076,1909f56bfc062723c751e8b465ee728b)  -> (artifact id: '56379000c3f39790677c525f2c9a6f52') in 0.008998 seconds 
========================================================================
Received Import Request.
  Time since last request: 111.993743 seconds.
  path: Assets/Shared/Prefabs/AudioManager.prefab
  artifactKey: Guid(f5969163fd24f4df09df4753595040b4) Importer(815301076,1909f56bfc062723c751e8b465ee728b)
Start importing Assets/Shared/Prefabs/AudioManager.prefab using Guid(f5969163fd24f4df09df4753595040b4) Importer(815301076,1909f56bfc062723c751e8b465ee728b)  -> (artifact id: '9a26eb85375246f11571754790195ced') in 0.013232 seconds 
========================================================================
Received Import Request.
  Time since last request: 0.000022 seconds.
  path: Assets/Shared/Prefabs/QualityManager.prefab
  artifactKey: Guid(d44d1b9822199404c9f82515a188ec6a) Importer(815301076,1909f56bfc062723c751e8b465ee728b)
Start importing Assets/Shared/Prefabs/QualityManager.prefab using Guid(d44d1b9822199404c9f82515a188ec6a) Importer(815301076,1909f56bfc062723c751e8b465ee728b)  -> (artifact id: '403d53f613892b5c7fdd2fdf7902aedc') in 0.012880 seconds 
========================================================================
Received Import Request.
  Time since last request: 1.113172 seconds.
  path: Assets/Shared/Prefabs/UI/BackButton.prefab
  artifactKey: Guid(e2817ba29ba59484a96ceffea6c5abf2) Importer(815301076,1909f56bfc062723c751e8b465ee728b)
Start importing Assets/Shared/Prefabs/UI/BackButton.prefab using Guid(e2817ba29ba59484a96ceffea6c5abf2) Importer(815301076,1909f56bfc062723c751e8b465ee728b)  -> (artifact id: '2190eed9b806b1b74b5617a959352d2b') in 0.029254 seconds 
========================================================================
Received Import Request.
  Time since last request: 0.000025 seconds.
  path: Assets/Shared/Prefabs/UI/LevelSelect.prefab
  artifactKey: Guid(54814bc3b927146708f6d9559a750bed) Importer(815301076,1909f56bfc062723c751e8b465ee728b)
Start importing Assets/Shared/Prefabs/UI/LevelSelect.prefab using Guid(54814bc3b927146708f6d9559a750bed) Importer(815301076,1909f56bfc062723c751e8b465ee728b)  -> (artifact id: '9dd5be5efa668f125f560b2241fbaf30') in 0.032461 seconds 
========================================================================
Received Import Request.
  Time since last request: 0.000030 seconds.
  path: Assets/Shared/Prefabs/UI/LevelSelectButton.prefab
  artifactKey: Guid(be4024ca1949c48feb82f4d08a2a0233) Importer(815301076,1909f56bfc062723c751e8b465ee728b)
Start importing Assets/Shared/Prefabs/UI/LevelSelectButton.prefab using Guid(be4024ca1949c48feb82f4d08a2a0233) Importer(815301076,1909f56bfc062723c751e8b465ee728b)  -> (artifact id: 'bbf49e56fb79d3a5a424edfbeb30546a') in 0.026820 seconds 
========================================================================
Received Import Request.
  Time since last request: 0.000027 seconds.
  path: Assets/Shared/Prefabs/UI/PauseWindow.prefab
  artifactKey: Guid(159a6cc7f4f464a5bbeb1410c075eed1) Importer(815301076,1909f56bfc062723c751e8b465ee728b)
Start importing Assets/Shared/Prefabs/UI/PauseWindow.prefab using Guid(159a6cc7f4f464a5bbeb1410c075eed1) Importer(815301076,1909f56bfc062723c751e8b465ee728b)  -> (artifact id: 'bee3794d6dc5caa516585d858ac50556') in 0.024146 seconds 
========================================================================
Received Import Request.
  Time since last request: 0.000028 seconds.
  path: Assets/Shared/Prefabs/UI/SettingsMenu.prefab
  artifactKey: Guid(68331e8ed1ba047cfaf90cba53534538) Importer(815301076,1909f56bfc062723c751e8b465ee728b)
Start importing Assets/Shared/Prefabs/UI/SettingsMenu.prefab using Guid(68331e8ed1ba047cfaf90cba53534538) Importer(815301076,1909f56bfc062723c751e8b465ee728b)  -> (artifact id: 'e62639fb8bcdc288aeec051a9664ad8d') in 0.029775 seconds 
========================================================================
Received Import Request.
  Time since last request: 0.000034 seconds.
  path: Assets/Shared/Prefabs/UI/LevelComplete.prefab
  artifactKey: Guid(00e4640835693420fb50752e3cc78323) Importer(815301076,1909f56bfc062723c751e8b465ee728b)
Start importing Assets/Shared/Prefabs/UI/LevelComplete.prefab using Guid(00e4640835693420fb50752e3cc78323) Importer(815301076,1909f56bfc062723c751e8b465ee728b)  -> (artifact id: '159c04f617c47db1cc4fa9a746beb802') in 0.030197 seconds 
========================================================================
Received Import Request.
  Time since last request: 0.000026 seconds.
  path: Assets/Shared/Prefabs/UI/GameoverScreen.prefab
  artifactKey: Guid(b5fe2d25840564c3a87cba94152464ec) Importer(815301076,1909f56bfc062723c751e8b465ee728b)
Start importing Assets/Shared/Prefabs/UI/GameoverScreen.prefab using Guid(b5fe2d25840564c3a87cba94152464ec) Importer(815301076,1909f56bfc062723c751e8b465ee728b)  -> (artifact id: '3e885b614651b26c1f4e099cd15e4af4') in 0.027869 seconds 
========================================================================
Received Prepare
Registering precompiled user dll's ...
Registered in 0.003008 seconds.
Begin MonoManager ReloadAssembly
Symbol file LoadedFromMemory doesn't match image D:\Costea\ProiectEGC\Library\PackageCache\com.unity.visualscripting@1.8.0\Editor\VisualScripting.Core\Dependencies\YamlDotNet\Unity.VisualScripting.YamlDotNet.dll
Symbol file LoadedFromMemory doesn't match image D:\Costea\ProiectEGC\Library\PackageCache\com.unity.visualscripting@1.8.0\Editor\VisualScripting.Core\Dependencies\DotNetZip\Unity.VisualScripting.IonicZip.dll
Native extension for WindowsStandalone target not found
Refreshing native plugins compatible for Editor in 0.96 ms, found 3 plugins.
Preloading 0 native plugins for Editor in 0.00 ms.
Mono: successfully reloaded assembly
- Completed reload, in  1.348 seconds
Domain Reload Profiling:
	ReloadAssembly (1348ms)
		BeginReloadAssembly (291ms)
			ExecutionOrderSort (0ms)
			DisableScriptedObjects (8ms)
			BackupInstance (0ms)
			ReleaseScriptingObjects (0ms)
			CreateAndSetChildDomain (85ms)
		EndReloadAssembly (942ms)
			LoadAssemblies (178ms)
			RebuildTransferFunctionScriptingTraits (0ms)
			SetupTypeCache (317ms)
			ReleaseScriptCaches (2ms)
			RebuildScriptCaches (44ms)
			SetupLoadedEditorAssemblies (407ms)
				LogAssemblyErrors (0ms)
				InitializePlatformSupportModulesInManaged (4ms)
				SetLoadedEditorAssemblies (0ms)
				RefreshPlugins (1ms)
				BeforeProcessingInitializeOnLoad (63ms)
				ProcessInitializeOnLoadAttributes (261ms)
				ProcessInitializeOnLoadMethodAttributes (71ms)
				AfterProcessingInitializeOnLoad (6ms)
				EditorAssembliesLoaded (0ms)
			ExecutionOrderSort2 (0ms)
			AwakeInstancesAfterBackupRestoration (14ms)
Platform modules already initialized, skipping
Refreshing native plugins compatible for Editor in 1.77 ms, found 3 plugins.
Preloading 0 native plugins for Editor in 0.00 ms.
Unloading 5191 Unused Serialized files (Serialized files now loaded: 0)
Unloading 30 unused Assets / (0.7 MB). Loaded Objects now: 5876.
Memory consumption went from 214.4 MB to 213.7 MB.
Total: 4.184400 ms (FindLiveObjects: 0.490300 ms CreateObjectMapping: 0.172500 ms MarkObjects: 3.192500 ms  DeleteObjects: 0.327800 ms)

AssetImportParameters requested are different than current active one (requested -> active):
  custom:video-decoder-ogg-theora: a1e56fd34408186e4bbccfd4996cb3dc -> 
  custom:container-muxer-webm: aa71ff27fc2769a1b78a27578f13a17b -> 
  custom:container-demuxer-webm: 4f35f7cbe854078d1ac9338744f61a02 -> 
  custom:video-encoder-webm-vp8: eb34c28f22e8b96e1ab97ce403110664 -> 
  custom:audio-encoder-webm-vorbis: bf7c407c2cedff20999df2af8eb42d56 -> 
  custom:framework-win-MediaFoundation: 216162199b28c13a410421893ffa2e32 -> 
  custom:container-demuxer-ogg: 62fdf1f143b41e24485cea50d1cbac27 -> 
  custom:video-decoder-webm-vp8: 9c59270c3fd7afecdb556c50c9e8de78 -> 
  custom:audio-decoder-ogg-vorbis: bf7c407c2cedff20999df2af8eb42d56 -> 
========================================================================
Received Import Request.
  Time since last request: 99.748154 seconds.
  path: Assets/Shared
  artifactKey: Guid(4c2e49fcd0c9c4c83a102bd8a592f14d) Importer(815301076,1909f56bfc062723c751e8b465ee728b)
Start importing Assets/Shared using Guid(4c2e49fcd0c9c4c83a102bd8a592f14d) Importer(815301076,1909f56bfc062723c751e8b465ee728b)  -> (artifact id: 'b8217de784fe543fb0cc6dabcdb8be71') in 0.015745 seconds 
========================================================================
Received Prepare
Registering precompiled user dll's ...
Registered in 0.003123 seconds.
Begin MonoManager ReloadAssembly
Symbol file LoadedFromMemory doesn't match image D:\Costea\ProiectEGC\Library\PackageCache\com.unity.visualscripting@1.8.0\Editor\VisualScripting.Core\Dependencies\YamlDotNet\Unity.VisualScripting.YamlDotNet.dll
Symbol file LoadedFromMemory doesn't match image D:\Costea\ProiectEGC\Library\PackageCache\com.unity.visualscripting@1.8.0\Editor\VisualScripting.Core\Dependencies\DotNetZip\Unity.VisualScripting.IonicZip.dll
Native extension for WindowsStandalone target not found
Refreshing native plugins compatible for Editor in 1.01 ms, found 3 plugins.
Preloading 0 native plugins for Editor in 0.00 ms.
Mono: successfully reloaded assembly
- Completed reload, in  1.192 seconds
Domain Reload Profiling:
	ReloadAssembly (1192ms)
		BeginReloadAssembly (146ms)
			ExecutionOrderSort (0ms)
			DisableScriptedObjects (5ms)
			BackupInstance (0ms)
			ReleaseScriptingObjects (0ms)
			CreateAndSetChildDomain (36ms)
		EndReloadAssembly (942ms)
			LoadAssemblies (104ms)
			RebuildTransferFunctionScriptingTraits (0ms)
			SetupTypeCache (264ms)
			ReleaseScriptCaches (2ms)
			RebuildScriptCaches (52ms)
			SetupLoadedEditorAssemblies (445ms)
				LogAssemblyErrors (0ms)
				InitializePlatformSupportModulesInManaged (5ms)
				SetLoadedEditorAssemblies (0ms)
				RefreshPlugins (1ms)
				BeforeProcessingInitializeOnLoad (74ms)
				ProcessInitializeOnLoadAttributes (281ms)
				ProcessInitializeOnLoadMethodAttributes (78ms)
				AfterProcessingInitializeOnLoad (5ms)
				EditorAssembliesLoaded (0ms)
			ExecutionOrderSort2 (0ms)
			AwakeInstancesAfterBackupRestoration (18ms)
Platform modules already initialized, skipping
Refreshing native plugins compatible for Editor in 3.04 ms, found 3 plugins.
Preloading 0 native plugins for Editor in 0.00 ms.
Unloading 5192 Unused Serialized files (Serialized files now loaded: 0)
Unloading 25 unused Assets / (0.7 MB). Loaded Objects now: 5879.
Memory consumption went from 214.4 MB to 213.7 MB.
Total: 4.810300 ms (FindLiveObjects: 0.510400 ms CreateObjectMapping: 0.239300 ms MarkObjects: 3.712500 ms  DeleteObjects: 0.347000 ms)

AssetImportParameters requested are different than current active one (requested -> active):
  custom:video-decoder-ogg-theora: a1e56fd34408186e4bbccfd4996cb3dc -> 
  custom:container-muxer-webm: aa71ff27fc2769a1b78a27578f13a17b -> 
  custom:container-demuxer-webm: 4f35f7cbe854078d1ac9338744f61a02 -> 
  custom:video-encoder-webm-vp8: eb34c28f22e8b96e1ab97ce403110664 -> 
  custom:audio-encoder-webm-vorbis: bf7c407c2cedff20999df2af8eb42d56 -> 
  custom:framework-win-MediaFoundation: 216162199b28c13a410421893ffa2e32 -> 
  custom:container-demuxer-ogg: 62fdf1f143b41e24485cea50d1cbac27 -> 
  custom:video-decoder-webm-vp8: 9c59270c3fd7afecdb556c50c9e8de78 -> 
  custom:audio-decoder-ogg-vorbis: bf7c407c2cedff20999df2af8eb42d56 -> 
========================================================================
Received Prepare
Registering precompiled user dll's ...
Registered in 0.003252 seconds.
Begin MonoManager ReloadAssembly
Symbol file LoadedFromMemory doesn't match image D:\Costea\ProiectEGC\Library\PackageCache\com.unity.visualscripting@1.8.0\Editor\VisualScripting.Core\Dependencies\YamlDotNet\Unity.VisualScripting.YamlDotNet.dll
Symbol file LoadedFromMemory doesn't match image D:\Costea\ProiectEGC\Library\PackageCache\com.unity.visualscripting@1.8.0\Editor\VisualScripting.Core\Dependencies\DotNetZip\Unity.VisualScripting.IonicZip.dll
Native extension for WindowsStandalone target not found
Refreshing native plugins compatible for Editor in 1.05 ms, found 3 plugins.
Preloading 0 native plugins for Editor in 0.00 ms.
Mono: successfully reloaded assembly
- Completed reload, in  1.172 seconds
Domain Reload Profiling:
	ReloadAssembly (1173ms)
		BeginReloadAssembly (135ms)
			ExecutionOrderSort (0ms)
			DisableScriptedObjects (5ms)
			BackupInstance (0ms)
			ReleaseScriptingObjects (0ms)
			CreateAndSetChildDomain (39ms)
		EndReloadAssembly (947ms)
			LoadAssemblies (78ms)
			RebuildTransferFunctionScriptingTraits (0ms)
			SetupTypeCache (280ms)
			ReleaseScriptCaches (2ms)
			RebuildScriptCaches (48ms)
			SetupLoadedEditorAssemblies (454ms)
				LogAssemblyErrors (0ms)
				InitializePlatformSupportModulesInManaged (5ms)
				SetLoadedEditorAssemblies (0ms)
				RefreshPlugins (1ms)
				BeforeProcessingInitializeOnLoad (74ms)
				ProcessInitializeOnLoadAttributes (285ms)
				ProcessInitializeOnLoadMethodAttributes (81ms)
				AfterProcessingInitializeOnLoad (7ms)
				EditorAssembliesLoaded (0ms)
			ExecutionOrderSort2 (0ms)
			AwakeInstancesAfterBackupRestoration (15ms)
Platform modules already initialized, skipping
Refreshing native plugins compatible for Editor in 2.28 ms, found 3 plugins.
Preloading 0 native plugins for Editor in 0.00 ms.
Unloading 5192 Unused Serialized files (Serialized files now loaded: 0)
Unloading 25 unused Assets / (0.7 MB). Loaded Objects now: 5882.
Memory consumption went from 214.5 MB to 213.8 MB.
Total: 5.030400 ms (FindLiveObjects: 0.553800 ms CreateObjectMapping: 0.557400 ms MarkObjects: 3.505000 ms  DeleteObjects: 0.412900 ms)

AssetImportParameters requested are different than current active one (requested -> active):
  custom:video-decoder-ogg-theora: a1e56fd34408186e4bbccfd4996cb3dc -> 
  custom:container-muxer-webm: aa71ff27fc2769a1b78a27578f13a17b -> 
  custom:container-demuxer-webm: 4f35f7cbe854078d1ac9338744f61a02 -> 
  custom:video-encoder-webm-vp8: eb34c28f22e8b96e1ab97ce403110664 -> 
  custom:audio-encoder-webm-vorbis: bf7c407c2cedff20999df2af8eb42d56 -> 
  custom:framework-win-MediaFoundation: 216162199b28c13a410421893ffa2e32 -> 
  custom:container-demuxer-ogg: 62fdf1f143b41e24485cea50d1cbac27 -> 
  custom:video-decoder-webm-vp8: 9c59270c3fd7afecdb556c50c9e8de78 -> 
  custom:audio-decoder-ogg-vorbis: bf7c407c2cedff20999df2af8eb42d56 -> 
========================================================================
Received Import Request.
  Time since last request: 353.842832 seconds.
  path: Assets/TextMesh Pro/Resources/Style Sheets/Default Style Sheet.asset
  artifactKey: Guid(f952c082cb03451daed3ee968ac6c63e) Importer(815301076,1909f56bfc062723c751e8b465ee728b)
Start importing Assets/TextMesh Pro/Resources/Style Sheets/Default Style Sheet.asset using Guid(f952c082cb03451daed3ee968ac6c63e) Importer(815301076,1909f56bfc062723c751e8b465ee728b)  -> (artifact id: '1bee5676bed4594c311fba2764cd39fd') in 0.057854 seconds 
========================================================================
Received Import Request.
  Time since last request: 0.000039 seconds.
  path: Assets/TextMesh Pro/Resources/Fonts & Materials/LiberationSans SDF - Outline.mat
  artifactKey: Guid(79459efec17a4d00a321bdcc27bbc385) Importer(815301076,1909f56bfc062723c751e8b465ee728b)
Start importing Assets/TextMesh Pro/Resources/Fonts & Materials/LiberationSans SDF - Outline.mat using Guid(79459efec17a4d00a321bdcc27bbc385) Importer(815301076,1909f56bfc062723c751e8b465ee728b)  -> (artifact id: 'd2034c7e2635193bd41233bbbdc5b157') in 0.256755 seconds 
========================================================================
Received Import Request.
  Time since last request: 0.000037 seconds.
  path: Assets/TextMesh Pro/Fonts/LiberationSans.ttf
  artifactKey: Guid(e3265ab4bf004d28a9537516768c1c75) Importer(815301076,1909f56bfc062723c751e8b465ee728b)
Start importing Assets/TextMesh Pro/Fonts/LiberationSans.ttf using Guid(e3265ab4bf004d28a9537516768c1c75) Importer(815301076,1909f56bfc062723c751e8b465ee728b)  -> (artifact id: '83f6f1789630a9b345a233edfcd85a9a') in 0.038791 seconds 
========================================================================
Received Import Request.
  Time since last request: 0.000036 seconds.
  path: Assets/TextMesh Pro/Resources/Fonts & Materials/LiberationSans SDF.asset
  artifactKey: Guid(8f586378b4e144a9851e7b34d9b748ee) Importer(815301076,1909f56bfc062723c751e8b465ee728b)
Start importing Assets/TextMesh Pro/Resources/Fonts & Materials/LiberationSans SDF.asset using Guid(8f586378b4e144a9851e7b34d9b748ee) Importer(815301076,1909f56bfc062723c751e8b465ee728b)  -> (artifact id: '88da89f00e8362c0f675ffd1da365bda') in 0.056237 seconds 
========================================================================
Received Import Request.
  Time since last request: 0.000051 seconds.
  path: Assets/Runner/Character/Animations/Locomotion--Run_N.anim.fbx
  artifactKey: Guid(16114d403eabb53438de032c6f0d1deb) Importer(815301076,1909f56bfc062723c751e8b465ee728b)
Start importing Assets/Runner/Character/Animations/Locomotion--Run_N.anim.fbx using Guid(16114d403eabb53438de032c6f0d1deb) Importer(815301076,1909f56bfc062723c751e8b465ee728b)  -> (artifact id: '72c4d20f39f6709bf9fff7c85420bc7c') in 0.025272 seconds 
========================================================================
Received Prepare
Registering precompiled user dll's ...
Registered in 0.002967 seconds.
Begin MonoManager ReloadAssembly
Symbol file LoadedFromMemory doesn't match image D:\Costea\ProiectEGC\Library\PackageCache\com.unity.visualscripting@1.8.0\Editor\VisualScripting.Core\Dependencies\YamlDotNet\Unity.VisualScripting.YamlDotNet.dll
Symbol file LoadedFromMemory doesn't match image D:\Costea\ProiectEGC\Library\PackageCache\com.unity.visualscripting@1.8.0\Editor\VisualScripting.Core\Dependencies\DotNetZip\Unity.VisualScripting.IonicZip.dll
Native extension for WindowsStandalone target not found
Refreshing native plugins compatible for Editor in 0.93 ms, found 3 plugins.
Preloading 0 native plugins for Editor in 0.00 ms.
Mono: successfully reloaded assembly
- Completed reload, in  1.139 seconds
Domain Reload Profiling:
	ReloadAssembly (1140ms)
		BeginReloadAssembly (144ms)
			ExecutionOrderSort (0ms)
			DisableScriptedObjects (8ms)
			BackupInstance (0ms)
			ReleaseScriptingObjects (0ms)
			CreateAndSetChildDomain (42ms)
		EndReloadAssembly (904ms)
			LoadAssemblies (83ms)
			RebuildTransferFunctionScriptingTraits (0ms)
			SetupTypeCache (241ms)
			ReleaseScriptCaches (2ms)
			RebuildScriptCaches (45ms)
			SetupLoadedEditorAssemblies (466ms)
				LogAssemblyErrors (0ms)
				InitializePlatformSupportModulesInManaged (4ms)
				SetLoadedEditorAssemblies (0ms)
				RefreshPlugins (1ms)
				BeforeProcessingInitializeOnLoad (82ms)
				ProcessInitializeOnLoadAttributes (292ms)
				ProcessInitializeOnLoadMethodAttributes (80ms)
				AfterProcessingInitializeOnLoad (6ms)
				EditorAssembliesLoaded (0ms)
			ExecutionOrderSort2 (0ms)
			AwakeInstancesAfterBackupRestoration (14ms)
Platform modules already initialized, skipping
Refreshing native plugins compatible for Editor in 2.95 ms, found 3 plugins.
Preloading 0 native plugins for Editor in 0.00 ms.
Unloading 5191 Unused Serialized files (Serialized files now loaded: 0)
Unloading 25 unused Assets / (0.7 MB). Loaded Objects now: 5928.
Memory consumption went from 214.5 MB to 213.8 MB.
Total: 5.292000 ms (FindLiveObjects: 0.590500 ms CreateObjectMapping: 0.531900 ms MarkObjects: 3.705300 ms  DeleteObjects: 0.462800 ms)

AssetImportParameters requested are different than current active one (requested -> active):
  custom:video-decoder-ogg-theora: a1e56fd34408186e4bbccfd4996cb3dc -> 
  custom:container-muxer-webm: aa71ff27fc2769a1b78a27578f13a17b -> 
  custom:container-demuxer-webm: 4f35f7cbe854078d1ac9338744f61a02 -> 
  custom:video-encoder-webm-vp8: eb34c28f22e8b96e1ab97ce403110664 -> 
  custom:audio-encoder-webm-vorbis: bf7c407c2cedff20999df2af8eb42d56 -> 
  custom:framework-win-MediaFoundation: 216162199b28c13a410421893ffa2e32 -> 
  custom:container-demuxer-ogg: 62fdf1f143b41e24485cea50d1cbac27 -> 
  custom:video-decoder-webm-vp8: 9c59270c3fd7afecdb556c50c9e8de78 -> 
  custom:audio-decoder-ogg-vorbis: bf7c407c2cedff20999df2af8eb42d56 -> 
========================================================================
Received Import Request.
  Time since last request: 440.033722 seconds.
  path: Assets/Runner/Environment/Levels/Level_001.asset
  artifactKey: Guid(366fbc992d8c5b64a8b99695369b6fd0) Importer(815301076,1909f56bfc062723c751e8b465ee728b)
Start importing Assets/Runner/Environment/Levels/Level_001.asset using Guid(366fbc992d8c5b64a8b99695369b6fd0) Importer(815301076,1909f56bfc062723c751e8b465ee728b)  -> (artifact id: 'd75afecd5275826b2911f24a738497db') in 0.068764 seconds 
========================================================================
Received Prepare
Registering precompiled user dll's ...
Registered in 0.002782 seconds.
Begin MonoManager ReloadAssembly
Symbol file LoadedFromMemory doesn't match image D:\Costea\ProiectEGC\Library\PackageCache\com.unity.visualscripting@1.8.0\Editor\VisualScripting.Core\Dependencies\YamlDotNet\Unity.VisualScripting.YamlDotNet.dll
Symbol file LoadedFromMemory doesn't match image D:\Costea\ProiectEGC\Library\PackageCache\com.unity.visualscripting@1.8.0\Editor\VisualScripting.Core\Dependencies\DotNetZip\Unity.VisualScripting.IonicZip.dll
Native extension for WindowsStandalone target not found
Refreshing native plugins compatible for Editor in 1.25 ms, found 3 plugins.
Preloading 0 native plugins for Editor in 0.00 ms.
Mono: successfully reloaded assembly
- Completed reload, in  1.164 seconds
Domain Reload Profiling:
	ReloadAssembly (1164ms)
		BeginReloadAssembly (141ms)
			ExecutionOrderSort (0ms)
			DisableScriptedObjects (5ms)
			BackupInstance (0ms)
			ReleaseScriptingObjects (0ms)
			CreateAndSetChildDomain (39ms)
		EndReloadAssembly (932ms)
			LoadAssemblies (89ms)
			RebuildTransferFunctionScriptingTraits (0ms)
			SetupTypeCache (249ms)
			ReleaseScriptCaches (2ms)
			RebuildScriptCaches (52ms)
			SetupLoadedEditorAssemblies (458ms)
				LogAssemblyErrors (0ms)
				InitializePlatformSupportModulesInManaged (5ms)
				SetLoadedEditorAssemblies (1ms)
				RefreshPlugins (1ms)
				BeforeProcessingInitializeOnLoad (78ms)
				ProcessInitializeOnLoadAttributes (286ms)
				ProcessInitializeOnLoadMethodAttributes (80ms)
				AfterProcessingInitializeOnLoad (7ms)
				EditorAssembliesLoaded (0ms)
			ExecutionOrderSort2 (0ms)
			AwakeInstancesAfterBackupRestoration (16ms)
Platform modules already initialized, skipping
Refreshing native plugins compatible for Editor in 3.05 ms, found 3 plugins.
Preloading 0 native plugins for Editor in 0.00 ms.
Unloading 5192 Unused Serialized files (Serialized files now loaded: 0)
Unloading 25 unused Assets / (0.7 MB). Loaded Objects now: 5931.
Memory consumption went from 214.6 MB to 213.9 MB.
Total: 4.510600 ms (FindLiveObjects: 0.569000 ms CreateObjectMapping: 0.460800 ms MarkObjects: 3.056400 ms  DeleteObjects: 0.423100 ms)

AssetImportParameters requested are different than current active one (requested -> active):
  custom:video-decoder-ogg-theora: a1e56fd34408186e4bbccfd4996cb3dc -> 
  custom:container-muxer-webm: aa71ff27fc2769a1b78a27578f13a17b -> 
  custom:container-demuxer-webm: 4f35f7cbe854078d1ac9338744f61a02 -> 
  custom:video-encoder-webm-vp8: eb34c28f22e8b96e1ab97ce403110664 -> 
  custom:audio-encoder-webm-vorbis: bf7c407c2cedff20999df2af8eb42d56 -> 
  custom:framework-win-MediaFoundation: 216162199b28c13a410421893ffa2e32 -> 
  custom:container-demuxer-ogg: 62fdf1f143b41e24485cea50d1cbac27 -> 
  custom:video-decoder-webm-vp8: 9c59270c3fd7afecdb556c50c9e8de78 -> 
  custom:audio-decoder-ogg-vorbis: bf7c407c2cedff20999df2af8eb42d56 -> 
========================================================================
Received Import Request.
  Time since last request: 109.124893 seconds.
  path: Assets/Runner/Prefabs/Player.prefab
  artifactKey: Guid(6dc42ad68cc8044df837a14ff82a63dc) Importer(815301076,1909f56bfc062723c751e8b465ee728b)
Start importing Assets/Runner/Prefabs/Player.prefab using Guid(6dc42ad68cc8044df837a14ff82a63dc) Importer(815301076,1909f56bfc062723c751e8b465ee728b)  -> (artifact id: 'dc7558594fa2ead7e3efa294990440d1') in 0.226392 seconds 
========================================================================
Received Prepare
Registering precompiled user dll's ...
Registered in 0.002938 seconds.
Begin MonoManager ReloadAssembly
Symbol file LoadedFromMemory doesn't match image D:\Costea\ProiectEGC\Library\PackageCache\com.unity.visualscripting@1.8.0\Editor\VisualScripting.Core\Dependencies\YamlDotNet\Unity.VisualScripting.YamlDotNet.dll
Symbol file LoadedFromMemory doesn't match image D:\Costea\ProiectEGC\Library\PackageCache\com.unity.visualscripting@1.8.0\Editor\VisualScripting.Core\Dependencies\DotNetZip\Unity.VisualScripting.IonicZip.dll
Native extension for WindowsStandalone target not found
Refreshing native plugins compatible for Editor in 1.12 ms, found 3 plugins.
Preloading 0 native plugins for Editor in 0.00 ms.
Mono: successfully reloaded assembly
- Completed reload, in  1.127 seconds
Domain Reload Profiling:
	ReloadAssembly (1127ms)
		BeginReloadAssembly (150ms)
			ExecutionOrderSort (0ms)
			DisableScriptedObjects (6ms)
			BackupInstance (0ms)
			ReleaseScriptingObjects (0ms)
			CreateAndSetChildDomain (48ms)
		EndReloadAssembly (885ms)
			LoadAssemblies (90ms)
			RebuildTransferFunctionScriptingTraits (0ms)
			SetupTypeCache (256ms)
			ReleaseScriptCaches (3ms)
			RebuildScriptCaches (45ms)
			SetupLoadedEditorAssemblies (424ms)
				LogAssemblyErrors (0ms)
				InitializePlatformSupportModulesInManaged (5ms)
				SetLoadedEditorAssemblies (0ms)
				RefreshPlugins (1ms)
				BeforeProcessingInitializeOnLoad (73ms)
				ProcessInitializeOnLoadAttributes (269ms)
				ProcessInitializeOnLoadMethodAttributes (70ms)
				AfterProcessingInitializeOnLoad (5ms)
				EditorAssembliesLoaded (0ms)
			ExecutionOrderSort2 (0ms)
			AwakeInstancesAfterBackupRestoration (15ms)
Platform modules already initialized, skipping
Refreshing native plugins compatible for Editor in 2.69 ms, found 3 plugins.
Preloading 0 native plugins for Editor in 0.00 ms.
Unloading 5191 Unused Serialized files (Serialized files now loaded: 0)
Unloading 25 unused Assets / (0.7 MB). Loaded Objects now: 5974.
Memory consumption went from 214.6 MB to 213.9 MB.
Total: 4.846500 ms (FindLiveObjects: 0.576600 ms CreateObjectMapping: 0.195100 ms MarkObjects: 3.484600 ms  DeleteObjects: 0.588400 ms)

AssetImportParameters requested are different than current active one (requested -> active):
  custom:video-decoder-ogg-theora: a1e56fd34408186e4bbccfd4996cb3dc -> 
  custom:container-muxer-webm: aa71ff27fc2769a1b78a27578f13a17b -> 
  custom:container-demuxer-webm: 4f35f7cbe854078d1ac9338744f61a02 -> 
  custom:video-encoder-webm-vp8: eb34c28f22e8b96e1ab97ce403110664 -> 
  custom:audio-encoder-webm-vorbis: bf7c407c2cedff20999df2af8eb42d56 -> 
  custom:framework-win-MediaFoundation: 216162199b28c13a410421893ffa2e32 -> 
  custom:container-demuxer-ogg: 62fdf1f143b41e24485cea50d1cbac27 -> 
  custom:video-decoder-webm-vp8: 9c59270c3fd7afecdb556c50c9e8de78 -> 
  custom:audio-decoder-ogg-vorbis: bf7c407c2cedff20999df2af8eb42d56 -> 
========================================================================
Received Prepare
Registering precompiled user dll's ...
Registered in 0.002855 seconds.
Begin MonoManager ReloadAssembly
Symbol file LoadedFromMemory doesn't match image D:\Costea\ProiectEGC\Library\PackageCache\com.unity.visualscripting@1.8.0\Editor\VisualScripting.Core\Dependencies\YamlDotNet\Unity.VisualScripting.YamlDotNet.dll
Symbol file LoadedFromMemory doesn't match image D:\Costea\ProiectEGC\Library\PackageCache\com.unity.visualscripting@1.8.0\Editor\VisualScripting.Core\Dependencies\DotNetZip\Unity.VisualScripting.IonicZip.dll
Native extension for WindowsStandalone target not found
Refreshing native plugins compatible for Editor in 1.32 ms, found 3 plugins.
Preloading 0 native plugins for Editor in 0.00 ms.
Mono: successfully reloaded assembly
- Completed reload, in  1.175 seconds
Domain Reload Profiling:
	ReloadAssembly (1175ms)
		BeginReloadAssembly (152ms)
			ExecutionOrderSort (0ms)
			DisableScriptedObjects (5ms)
			BackupInstance (0ms)
			ReleaseScriptingObjects (0ms)
			CreateAndSetChildDomain (43ms)
		EndReloadAssembly (928ms)
			LoadAssemblies (90ms)
			RebuildTransferFunctionScriptingTraits (0ms)
			SetupTypeCache (265ms)
			ReleaseScriptCaches (2ms)
			RebuildScriptCaches (45ms)
			SetupLoadedEditorAssemblies (452ms)
				LogAssemblyErrors (0ms)
				InitializePlatformSupportModulesInManaged (5ms)
				SetLoadedEditorAssemblies (0ms)
				RefreshPlugins (1ms)
				BeforeProcessingInitializeOnLoad (72ms)
				ProcessInitializeOnLoadAttributes (288ms)
				ProcessInitializeOnLoadMethodAttributes (78ms)
				AfterProcessingInitializeOnLoad (7ms)
				EditorAssembliesLoaded (0ms)
			ExecutionOrderSort2 (0ms)
			AwakeInstancesAfterBackupRestoration (17ms)
Platform modules already initialized, skipping
Refreshing native plugins compatible for Editor in 2.56 ms, found 3 plugins.
Preloading 0 native plugins for Editor in 0.00 ms.
Unloading 5192 Unused Serialized files (Serialized files now loaded: 0)
Unloading 25 unused Assets / (0.7 MB). Loaded Objects now: 5977.
Memory consumption went from 214.7 MB to 214.1 MB.
Total: 4.604200 ms (FindLiveObjects: 0.453100 ms CreateObjectMapping: 0.211600 ms MarkObjects: 3.435800 ms  DeleteObjects: 0.502200 ms)

AssetImportParameters requested are different than current active one (requested -> active):
  custom:video-decoder-ogg-theora: a1e56fd34408186e4bbccfd4996cb3dc -> 
  custom:container-muxer-webm: aa71ff27fc2769a1b78a27578f13a17b -> 
  custom:container-demuxer-webm: 4f35f7cbe854078d1ac9338744f61a02 -> 
  custom:video-encoder-webm-vp8: eb34c28f22e8b96e1ab97ce403110664 -> 
  custom:audio-encoder-webm-vorbis: bf7c407c2cedff20999df2af8eb42d56 -> 
  custom:framework-win-MediaFoundation: 216162199b28c13a410421893ffa2e32 -> 
  custom:container-demuxer-ogg: 62fdf1f143b41e24485cea50d1cbac27 -> 
  custom:video-decoder-webm-vp8: 9c59270c3fd7afecdb556c50c9e8de78 -> 
  custom:audio-decoder-ogg-vorbis: bf7c407c2cedff20999df2af8eb42d56 -> 
========================================================================
Received Prepare
Registering precompiled user dll's ...
Registered in 0.002847 seconds.
Begin MonoManager ReloadAssembly
Symbol file LoadedFromMemory doesn't match image D:\Costea\ProiectEGC\Library\PackageCache\com.unity.visualscripting@1.8.0\Editor\VisualScripting.Core\Dependencies\YamlDotNet\Unity.VisualScripting.YamlDotNet.dll
Symbol file LoadedFromMemory doesn't match image D:\Costea\ProiectEGC\Library\PackageCache\com.unity.visualscripting@1.8.0\Editor\VisualScripting.Core\Dependencies\DotNetZip\Unity.VisualScripting.IonicZip.dll
Native extension for WindowsStandalone target not found
Refreshing native plugins compatible for Editor in 1.03 ms, found 3 plugins.
Preloading 0 native plugins for Editor in 0.00 ms.
Mono: successfully reloaded assembly
- Completed reload, in  1.178 seconds
Domain Reload Profiling:
	ReloadAssembly (1178ms)
		BeginReloadAssembly (145ms)
			ExecutionOrderSort (0ms)
			DisableScriptedObjects (8ms)
			BackupInstance (0ms)
			ReleaseScriptingObjects (0ms)
			CreateAndSetChildDomain (40ms)
		EndReloadAssembly (931ms)
			LoadAssemblies (87ms)
			RebuildTransferFunctionScriptingTraits (0ms)
			SetupTypeCache (257ms)
			ReleaseScriptCaches (2ms)
			RebuildScriptCaches (52ms)
			SetupLoadedEditorAssemblies (454ms)
				LogAssemblyErrors (0ms)
				InitializePlatformSupportModulesInManaged (5ms)
				SetLoadedEditorAssemblies (1ms)
				RefreshPlugins (1ms)
				BeforeProcessingInitializeOnLoad (78ms)
				ProcessInitializeOnLoadAttributes (286ms)
				ProcessInitializeOnLoadMethodAttributes (77ms)
				AfterProcessingInitializeOnLoad (6ms)
				EditorAssembliesLoaded (0ms)
			ExecutionOrderSort2 (0ms)
			AwakeInstancesAfterBackupRestoration (15ms)
Platform modules already initialized, skipping
Refreshing native plugins compatible for Editor in 3.16 ms, found 3 plugins.
Preloading 0 native plugins for Editor in 0.00 ms.
Unloading 5192 Unused Serialized files (Serialized files now loaded: 0)
Unloading 25 unused Assets / (0.7 MB). Loaded Objects now: 5980.
Memory consumption went from 214.8 MB to 214.1 MB.
Total: 3.969500 ms (FindLiveObjects: 0.418900 ms CreateObjectMapping: 0.143100 ms MarkObjects: 3.037700 ms  DeleteObjects: 0.368200 ms)

AssetImportParameters requested are different than current active one (requested -> active):
  custom:video-decoder-ogg-theora: a1e56fd34408186e4bbccfd4996cb3dc -> 
  custom:container-muxer-webm: aa71ff27fc2769a1b78a27578f13a17b -> 
  custom:container-demuxer-webm: 4f35f7cbe854078d1ac9338744f61a02 -> 
  custom:video-encoder-webm-vp8: eb34c28f22e8b96e1ab97ce403110664 -> 
  custom:audio-encoder-webm-vorbis: bf7c407c2cedff20999df2af8eb42d56 -> 
  custom:framework-win-MediaFoundation: 216162199b28c13a410421893ffa2e32 -> 
  custom:container-demuxer-ogg: 62fdf1f143b41e24485cea50d1cbac27 -> 
  custom:video-decoder-webm-vp8: 9c59270c3fd7afecdb556c50c9e8de78 -> 
  custom:audio-decoder-ogg-vorbis: bf7c407c2cedff20999df2af8eb42d56 -> 
