Using pre-set license
Built from '2021.3/staging' branch; Version is '2021.3.21f1 (1b156197d683) revision 1774945'; Using compiler version '192829333'; Build Type 'Release'
OS: 'Windows 11  (10.0.22621) 64bit Professional' Language: 'en' Physical Memory: 15791 MB
BatchMode: 1, IsHumanControllingUs: 0, StartBugReporterOnCrash: 0, Is64bit: 1, IsPro: 1

COMMAND LINE ARGUMENTS:
C:\Program Files\Unity\Hub\Editor\2021.3.21f1\Editor\Unity.exe
-adb2
-batchMode
-noUpm
-name
AssetImportWorker2
-projectPath
C:/Users/Florea Tudor - Dorin/Desktop/ProiectEGC
-logFile
Logs/AssetImportWorker2.log
-srvPort
51762
Successfully changed project path to: C:/Users/Florea Tudor - Dorin/Desktop/ProiectEGC
C:/Users/Florea Tudor - Dorin/Desktop/ProiectEGC
[UnityMemory] Configuration Parameters - Can be set up in boot.config
    "memorysetup-bucket-allocator-granularity=16"
    "memorysetup-bucket-allocator-bucket-count=8"
    "memorysetup-bucket-allocator-block-size=33554432"
    "memorysetup-bucket-allocator-block-count=8"
    "memorysetup-main-allocator-block-size=16777216"
    "memorysetup-thread-allocator-block-size=16777216"
    "memorysetup-gfx-main-allocator-block-size=16777216"
    "memorysetup-gfx-thread-allocator-block-size=16777216"
    "memorysetup-cache-allocator-block-size=4194304"
    "memorysetup-typetree-allocator-block-size=2097152"
    "memorysetup-profiler-bucket-allocator-granularity=16"
    "memorysetup-profiler-bucket-allocator-bucket-count=8"
    "memorysetup-profiler-bucket-allocator-block-size=33554432"
    "memorysetup-profiler-bucket-allocator-block-count=8"
    "memorysetup-profiler-allocator-block-size=16777216"
    "memorysetup-profiler-editor-allocator-block-size=1048576"
    "memorysetup-temp-allocator-size-main=16777216"
    "memorysetup-job-temp-allocator-block-size=2097152"
    "memorysetup-job-temp-allocator-block-size-background=1048576"
    "memorysetup-job-temp-allocator-reduction-small-platforms=262144"
    "memorysetup-temp-allocator-size-background-worker=32768"
    "memorysetup-temp-allocator-size-job-worker=262144"
    "memorysetup-temp-allocator-size-preload-manager=33554432"
    "memorysetup-temp-allocator-size-nav-mesh-worker=65536"
    "memorysetup-temp-allocator-size-audio-worker=65536"
    "memorysetup-temp-allocator-size-cloud-worker=32768"
    "memorysetup-temp-allocator-size-gi-baking-worker=262144"
    "memorysetup-temp-allocator-size-gfx=262144"
Player connection [7328] Host "[IP] 172.24.192.1 [Port] 0 [Flags] 2 [Guid] 211736658 [EditorId] 211736658 [Version] 1048832 [Id] WindowsEditor(7,Kraken) [Debug] 1 [PackageName] WindowsEditor [ProjectName] Editor" joined multi-casting on [225.0.0.222:54997]...

Player connection [7328] Host "[IP] 172.24.192.1 [Port] 0 [Flags] 2 [Guid] 211736658 [EditorId] 211736658 [Version] 1048832 [Id] WindowsEditor(7,Kraken) [Debug] 1 [PackageName] WindowsEditor [ProjectName] Editor" joined alternative multi-casting on [225.0.0.222:34997]...

Refreshing native plugins compatible for Editor in 138.76 ms, found 3 plugins.
Preloading 0 native plugins for Editor in 0.00 ms.
Initialize engine version: 2021.3.21f1 (1b156197d683)
[Subsystems] Discovering subsystems at path C:/Program Files/Unity/Hub/Editor/2021.3.21f1/Editor/Data/Resources/UnitySubsystems
[Subsystems] Discovering subsystems at path C:/Users/Florea Tudor - Dorin/Desktop/ProiectEGC/Assets
GfxDevice: creating device client; threaded=0; jobified=0
Direct3D:
    Version:  Direct3D 11.0 [level 11.1]
    Renderer: AMD Radeon(TM) Graphics (ID=0x1636)
    Vendor:   ATI
    VRAM:     7895 MB
    Driver:   31.0.14051.5006
Initialize mono
Mono path[0] = 'C:/Program Files/Unity/Hub/Editor/2021.3.21f1/Editor/Data/Managed'
Mono path[1] = 'C:/Program Files/Unity/Hub/Editor/2021.3.21f1/Editor/Data/MonoBleedingEdge/lib/mono/unityjit-win32'
Mono config path = 'C:/Program Files/Unity/Hub/Editor/2021.3.21f1/Editor/Data/MonoBleedingEdge/etc'
Using monoOptions --debugger-agent=transport=dt_socket,embedding=1,server=y,suspend=n,address=127.0.0.1:56404
Begin MonoManager ReloadAssembly
Registering precompiled unity dll's ...
Register platform support module: C:/Program Files/Unity/Hub/Editor/2021.3.21f1/Editor/Data/PlaybackEngines/WebGLSupport/UnityEditor.WebGL.Extensions.dll
Register platform support module: C:/Program Files/Unity/Hub/Editor/2021.3.21f1/Editor/Data/PlaybackEngines/WindowsStandaloneSupport/UnityEditor.WindowsStandalone.Extensions.dll
Registered in 0.005457 seconds.
Native extension for WindowsStandalone target not found
Native extension for WebGL target not found
Refreshing native plugins compatible for Editor in 144.92 ms, found 3 plugins.
Preloading 0 native plugins for Editor in 0.00 ms.
Mono: successfully reloaded assembly
- Completed reload, in  0.965 seconds
Domain Reload Profiling:
	ReloadAssembly (965ms)
		BeginReloadAssembly (120ms)
			ExecutionOrderSort (0ms)
			DisableScriptedObjects (0ms)
			BackupInstance (0ms)
			ReleaseScriptingObjects (0ms)
			CreateAndSetChildDomain (1ms)
		EndReloadAssembly (710ms)
			LoadAssemblies (118ms)
			RebuildTransferFunctionScriptingTraits (0ms)
			SetupTypeCache (156ms)
			ReleaseScriptCaches (0ms)
			RebuildScriptCaches (49ms)
			SetupLoadedEditorAssemblies (425ms)
				LogAssemblyErrors (0ms)
				InitializePlatformSupportModulesInManaged (10ms)
				SetLoadedEditorAssemblies (0ms)
				RefreshPlugins (145ms)
				BeforeProcessingInitializeOnLoad (1ms)
				ProcessInitializeOnLoadAttributes (207ms)
				ProcessInitializeOnLoadMethodAttributes (60ms)
				AfterProcessingInitializeOnLoad (0ms)
				EditorAssembliesLoaded (0ms)
			ExecutionOrderSort2 (0ms)
			AwakeInstancesAfterBackupRestoration (0ms)
Platform modules already initialized, skipping
Registering precompiled user dll's ...
Registered in 0.007000 seconds.
Begin MonoManager ReloadAssembly
Symbol file LoadedFromMemory doesn't match image C:\Users\Florea Tudor - Dorin\Desktop\ProiectEGC\Library\PackageCache\com.unity.visualscripting@1.8.0\Editor\VisualScripting.Core\Dependencies\YamlDotNet\Unity.VisualScripting.YamlDotNet.dll
Symbol file LoadedFromMemory doesn't match image C:\Users\Florea Tudor - Dorin\Desktop\ProiectEGC\Library\PackageCache\com.unity.visualscripting@1.8.0\Editor\VisualScripting.Core\Dependencies\DotNetZip\Unity.VisualScripting.IonicZip.dll
Native extension for WindowsStandalone target not found
Native extension for WebGL target not found
Refreshing native plugins compatible for Editor in 120.53 ms, found 3 plugins.
Preloading 0 native plugins for Editor in 0.00 ms.
Mono: successfully reloaded assembly
- Completed reload, in  1.729 seconds
Domain Reload Profiling:
	ReloadAssembly (1730ms)
		BeginReloadAssembly (113ms)
			ExecutionOrderSort (0ms)
			DisableScriptedObjects (5ms)
			BackupInstance (0ms)
			ReleaseScriptingObjects (0ms)
			CreateAndSetChildDomain (22ms)
		EndReloadAssembly (1482ms)
			LoadAssemblies (109ms)
			RebuildTransferFunctionScriptingTraits (0ms)
			SetupTypeCache (353ms)
			ReleaseScriptCaches (1ms)
			RebuildScriptCaches (71ms)
			SetupLoadedEditorAssemblies (905ms)
				LogAssemblyErrors (0ms)
				InitializePlatformSupportModulesInManaged (5ms)
				SetLoadedEditorAssemblies (0ms)
				RefreshPlugins (121ms)
				BeforeProcessingInitializeOnLoad (100ms)
				ProcessInitializeOnLoadAttributes (591ms)
				ProcessInitializeOnLoadMethodAttributes (83ms)
				AfterProcessingInitializeOnLoad (6ms)
				EditorAssembliesLoaded (0ms)
			ExecutionOrderSort2 (0ms)
			AwakeInstancesAfterBackupRestoration (6ms)
Platform modules already initialized, skipping
========================================================================
Worker process is ready to serve import requests
Launched and connected shader compiler UnityShaderCompiler.exe after 0.11 seconds
Refreshing native plugins compatible for Editor in 1.49 ms, found 3 plugins.
Preloading 0 native plugins for Editor in 0.00 ms.
Unloading 5324 Unused Serialized files (Serialized files now loaded: 0)
Unloading 34 unused Assets / (0.7 MB). Loaded Objects now: 5779.
Memory consumption went from 213.8 MB to 213.1 MB.
Total: 5.318800 ms (FindLiveObjects: 0.791000 ms CreateObjectMapping: 0.558100 ms MarkObjects: 3.610200 ms  DeleteObjects: 0.357500 ms)

AssetImportParameters requested are different than current active one (requested -> active):
  custom:video-decoder-ogg-theora: a1e56fd34408186e4bbccfd4996cb3dc -> 
  custom:container-muxer-webm: aa71ff27fc2769a1b78a27578f13a17b -> 
  custom:container-demuxer-webm: 4f35f7cbe854078d1ac9338744f61a02 -> 
  custom:video-encoder-webm-vp8: eb34c28f22e8b96e1ab97ce403110664 -> 
  custom:video-codec-MediaFoundation-h265: 746d11721c4dcdbdad8f713fa42b33f4 -> 
  custom:audio-encoder-webm-vorbis: bf7c407c2cedff20999df2af8eb42d56 -> 
  custom:framework-win-MediaFoundation: 216162199b28c13a410421893ffa2e32 -> 
  custom:container-demuxer-ogg: 62fdf1f143b41e24485cea50d1cbac27 -> 
  custom:video-decoder-webm-vp8: 9c59270c3fd7afecdb556c50c9e8de78 -> 
  custom:audio-decoder-ogg-vorbis: bf7c407c2cedff20999df2af8eb42d56 -> 
========================================================================
Received Import Request.
  Time since last request: 49472.629865 seconds.
  path: Assets/Shared/Scenes/Boot.unity
  artifactKey: Guid(c08c9c64ef12d4b4b8d662c37aa3afab) Importer(815301076,1909f56bfc062723c751e8b465ee728b)
Start importing Assets/Shared/Scenes/Boot.unity using Guid(c08c9c64ef12d4b4b8d662c37aa3afab) Importer(815301076,1909f56bfc062723c751e8b465ee728b)  -> (artifact id: '236357dab8b9d4fec10732a2d1771a51') in 0.016731 seconds 
========================================================================
Received Import Request.
  Time since last request: 0.000047 seconds.
  path: Assets/Unity.Hypercasual.asmdef
  artifactKey: Guid(3d72f113c67d9c5458d6853848c3189e) Importer(815301076,1909f56bfc062723c751e8b465ee728b)
Start importing Assets/Unity.Hypercasual.asmdef using Guid(3d72f113c67d9c5458d6853848c3189e) Importer(815301076,1909f56bfc062723c751e8b465ee728b)  -> (artifact id: '1e91b17c449ee6b8bc240aaf4ad964a1') in 0.046168 seconds 
========================================================================
Received Import Request.
  Time since last request: 0.000041 seconds.
  path: Assets/Runner
  artifactKey: Guid(5e0ff5c34c02b40b194389b42c9dc107) Importer(815301076,1909f56bfc062723c751e8b465ee728b)
Start importing Assets/Runner using Guid(5e0ff5c34c02b40b194389b42c9dc107) Importer(815301076,1909f56bfc062723c751e8b465ee728b)  -> (artifact id: '58bdf72ce73ddc8d867f9f54a2cd3ea0') in 0.008256 seconds 
========================================================================
Received Import Request.
  Time since last request: 1.666652 seconds.
  path: Assets/Runner/Scenes
  artifactKey: Guid(ae06d6c21460d45ddb2f3fee0fdbba3e) Importer(815301076,1909f56bfc062723c751e8b465ee728b)
Start importing Assets/Runner/Scenes using Guid(ae06d6c21460d45ddb2f3fee0fdbba3e) Importer(815301076,1909f56bfc062723c751e8b465ee728b)  -> (artifact id: '6a5ccc4e0d12830bd1b524702376c88a') in 0.015175 seconds 
========================================================================
Received Import Request.
  Time since last request: 3.635601 seconds.
  path: Assets/Runner/Prefabs
  artifactKey: Guid(5025a034bae414764bed7ecb31ae8ca4) Importer(815301076,1909f56bfc062723c751e8b465ee728b)
Start importing Assets/Runner/Prefabs using Guid(5025a034bae414764bed7ecb31ae8ca4) Importer(815301076,1909f56bfc062723c751e8b465ee728b)  -> (artifact id: 'f740863dfe7c89dc9ae5f571f138dd10') in 0.008275 seconds 
========================================================================
Received Import Request.
  Time since last request: 0.000034 seconds.
  path: Assets/Runner/Prefabs/Inventory.prefab
  artifactKey: Guid(67412f9863af24cf0a73c3bae209c29c) Importer(815301076,1909f56bfc062723c751e8b465ee728b)
Start importing Assets/Runner/Prefabs/Inventory.prefab using Guid(67412f9863af24cf0a73c3bae209c29c) Importer(815301076,1909f56bfc062723c751e8b465ee728b)  -> (artifact id: 'fb318d76467fe52c385dfc9081b9f93e') in 0.034522 seconds 
========================================================================
Received Import Request.
  Time since last request: 0.000025 seconds.
  path: Assets/Runner/Prefabs/GameplayCamera.prefab
  artifactKey: Guid(a199d962ca53e4a10ba285d5d34bf335) Importer(815301076,1909f56bfc062723c751e8b465ee728b)
Start importing Assets/Runner/Prefabs/GameplayCamera.prefab using Guid(a199d962ca53e4a10ba285d5d34bf335) Importer(815301076,1909f56bfc062723c751e8b465ee728b)  -> (artifact id: 'ff978d178d91a91474c95ab602b0c06f') in 0.012903 seconds 
========================================================================
Received Import Request.
  Time since last request: 0.000022 seconds.
  path: Assets/Runner/Prefabs/RunnerSequenceManager.prefab
  artifactKey: Guid(6a3c13f7e2c6d42fe8c3f5029e1d0a98) Importer(815301076,1909f56bfc062723c751e8b465ee728b)
Start importing Assets/Runner/Prefabs/RunnerSequenceManager.prefab using Guid(6a3c13f7e2c6d42fe8c3f5029e1d0a98) Importer(815301076,1909f56bfc062723c751e8b465ee728b)  -> (artifact id: 'be3ce28c3f0791a43fbfb4f9c88b930b') in 0.081319 seconds 
========================================================================
Received Import Request.
  Time since last request: 0.000040 seconds.
  path: Assets/Runner/Prefabs/SaveManager.prefab
  artifactKey: Guid(3634157dd07b141c2aaa950dd4771f81) Importer(815301076,1909f56bfc062723c751e8b465ee728b)
Start importing Assets/Runner/Prefabs/SaveManager.prefab using Guid(3634157dd07b141c2aaa950dd4771f81) Importer(815301076,1909f56bfc062723c751e8b465ee728b)  -> (artifact id: '7240bba473515e2eddf875370ea1e027') in 0.009153 seconds 
========================================================================
Received Import Request.
  Time since last request: 5.961530 seconds.
  path: Assets/Runner/Character
  artifactKey: Guid(5b469ab29b1004eeebb0ccf2e44157f5) Importer(815301076,1909f56bfc062723c751e8b465ee728b)
Start importing Assets/Runner/Character using Guid(5b469ab29b1004eeebb0ccf2e44157f5) Importer(815301076,1909f56bfc062723c751e8b465ee728b)  -> (artifact id: '50f872861beddba1a3db683b9096000e') in 0.008680 seconds 
========================================================================
Received Import Request.
  Time since last request: 0.864928 seconds.
  path: Assets/Runner/Character/Models
  artifactKey: Guid(1e2f27c070a064aefb2d7a0f70ed8972) Importer(815301076,1909f56bfc062723c751e8b465ee728b)
Start importing Assets/Runner/Character/Models using Guid(1e2f27c070a064aefb2d7a0f70ed8972) Importer(815301076,1909f56bfc062723c751e8b465ee728b)  -> (artifact id: '6865ff9c43a1f9574957fc16f00415de') in 0.008866 seconds 
========================================================================
Received Import Request.
  Time since last request: 0.035467 seconds.
  path: Assets/Runner/Character/Models/Armature.fbx
  artifactKey: Guid(36078ab0369161e49a29d349ae3e0739) Importer(815301076,1909f56bfc062723c751e8b465ee728b)
Start importing Assets/Runner/Character/Models/Armature.fbx using Guid(36078ab0369161e49a29d349ae3e0739) Importer(815301076,1909f56bfc062723c751e8b465ee728b)  -> (artifact id: 'f4c8bbcf1529d5e4b19d7885ea44c7f1') in 0.684489 seconds 
========================================================================
Received Import Request.
  Time since last request: 5.933289 seconds.
  path: Assets/Runner/Character/Animations
  artifactKey: Guid(478ef75e2d9612043ad9e092df040fea) Importer(815301076,1909f56bfc062723c751e8b465ee728b)
Start importing Assets/Runner/Character/Animations using Guid(478ef75e2d9612043ad9e092df040fea) Importer(815301076,1909f56bfc062723c751e8b465ee728b)  -> (artifact id: '5e156b166034ef6126b134080fb20b39') in 0.008135 seconds 
========================================================================
Received Import Request.
  Time since last request: 0.044524 seconds.
  path: Assets/Runner/Character/Animations/Locomotion--Run_N.anim.fbx
  artifactKey: Guid(16114d403eabb53438de032c6f0d1deb) Importer(815301076,1909f56bfc062723c751e8b465ee728b)
Start importing Assets/Runner/Character/Animations/Locomotion--Run_N.anim.fbx using Guid(16114d403eabb53438de032c6f0d1deb) Importer(815301076,1909f56bfc062723c751e8b465ee728b)  -> (artifact id: 'b2ff5de438e57cce9218b561d023cfca') in 0.012698 seconds 
========================================================================
Received Import Request.
  Time since last request: 0.000036 seconds.
  path: Assets/Runner/Character/Animations/Stand--Idle.anim.fbx
  artifactKey: Guid(12e52e465ed793a4d801955e9f964a82) Importer(815301076,1909f56bfc062723c751e8b465ee728b)
Start importing Assets/Runner/Character/Animations/Stand--Idle.anim.fbx using Guid(12e52e465ed793a4d801955e9f964a82) Importer(815301076,1909f56bfc062723c751e8b465ee728b)  -> (artifact id: '9712d277e6627549a75851f615eba9c7') in 0.025005 seconds 
========================================================================
Received Import Request.
  Time since last request: 16.013872 seconds.
  path: Assets/Runner/Events
  artifactKey: Guid(76b3be5bb77384d76af74bbbd7896f60) Importer(815301076,1909f56bfc062723c751e8b465ee728b)
Start importing Assets/Runner/Events using Guid(76b3be5bb77384d76af74bbbd7896f60) Importer(815301076,1909f56bfc062723c751e8b465ee728b)  -> (artifact id: '927f46f192fbf43935bb68c72d3fe9ae') in 0.008689 seconds 
========================================================================
Received Import Request.
  Time since last request: 0.037533 seconds.
  path: Assets/Runner/Events/CoinPickedEvent.asset
  artifactKey: Guid(a796f105604544326aea1a54797b65ba) Importer(815301076,1909f56bfc062723c751e8b465ee728b)
Start importing Assets/Runner/Events/CoinPickedEvent.asset using Guid(a796f105604544326aea1a54797b65ba) Importer(815301076,1909f56bfc062723c751e8b465ee728b)  -> (artifact id: 'ec9fb0de2075c0b151ba588bbf758b60') in 0.009174 seconds 
========================================================================
Received Import Request.
  Time since last request: 4.721917 seconds.
  path: Assets/Runner/Environment
  artifactKey: Guid(5d8d1a7a6703d4b7bab94ea63cbe60d9) Importer(815301076,1909f56bfc062723c751e8b465ee728b)
Start importing Assets/Runner/Environment using Guid(5d8d1a7a6703d4b7bab94ea63cbe60d9) Importer(815301076,1909f56bfc062723c751e8b465ee728b)  -> (artifact id: '811332cc1e3663ac6f0fa1c4dbf3ce76') in 0.008248 seconds 
========================================================================
Received Import Request.
  Time since last request: 1.180301 seconds.
  path: Assets/Runner/Environment/Levels
  artifactKey: Guid(13c9bad5bf5554e6c889e1627c910c25) Importer(815301076,1909f56bfc062723c751e8b465ee728b)
Start importing Assets/Runner/Environment/Levels using Guid(13c9bad5bf5554e6c889e1627c910c25) Importer(815301076,1909f56bfc062723c751e8b465ee728b)  -> (artifact id: '3f51230b667fbe681e9119ef851bf9ed') in 0.008819 seconds 
========================================================================
Received Import Request.
  Time since last request: 0.031882 seconds.
  path: Assets/Runner/Environment/Levels/Level_000.asset
  artifactKey: Guid(33ced907333634bffa860034de1f4df9) Importer(815301076,1909f56bfc062723c751e8b465ee728b)
Start importing Assets/Runner/Environment/Levels/Level_000.asset using Guid(33ced907333634bffa860034de1f4df9) Importer(815301076,1909f56bfc062723c751e8b465ee728b)  -> (artifact id: '8f15b2ca6ff1a9d1060673a2f80e3b83') in 0.025589 seconds 
========================================================================
Received Import Request.
  Time since last request: 1.612121 seconds.
  path: Assets/Runner/Environment/Materials
  artifactKey: Guid(5c6e403abe85045429d59aa243145e14) Importer(815301076,1909f56bfc062723c751e8b465ee728b)
Start importing Assets/Runner/Environment/Materials using Guid(5c6e403abe85045429d59aa243145e14) Importer(815301076,1909f56bfc062723c751e8b465ee728b)  -> (artifact id: 'b41994c2aaf027221b6871474963288d') in 0.007707 seconds 
========================================================================
Received Import Request.
  Time since last request: 0.015750 seconds.
  path: Assets/Runner/Environment/Materials/CheckeredFlag.mat
  artifactKey: Guid(bf39c38b7ee8341249aecd2609925601) Importer(815301076,1909f56bfc062723c751e8b465ee728b)
Start importing Assets/Runner/Environment/Materials/CheckeredFlag.mat using Guid(bf39c38b7ee8341249aecd2609925601) Importer(815301076,1909f56bfc062723c751e8b465ee728b)  -> (artifact id: '5b357ad76d8bcdbb7318abba84231aef') in 0.032634 seconds 
========================================================================
Received Import Request.
  Time since last request: 0.000054 seconds.
  path: Assets/Runner/Environment/Materials/Player.mat
  artifactKey: Guid(ab1a5f77af35b4b57b77d1ed7ce28192) Importer(815301076,1909f56bfc062723c751e8b465ee728b)
Start importing Assets/Runner/Environment/Materials/Player.mat using Guid(ab1a5f77af35b4b57b77d1ed7ce28192) Importer(815301076,1909f56bfc062723c751e8b465ee728b)  -> (artifact id: '4d89fd2694b4a60cf43fdc67e06d8134') in 0.016027 seconds 
========================================================================
Received Import Request.
  Time since last request: 0.000027 seconds.
  path: Assets/Runner/Environment/Materials/Terrain.mat
  artifactKey: Guid(e2d13250d13954c7991517c511efc6be) Importer(815301076,1909f56bfc062723c751e8b465ee728b)
Start importing Assets/Runner/Environment/Materials/Terrain.mat using Guid(e2d13250d13954c7991517c511efc6be) Importer(815301076,1909f56bfc062723c751e8b465ee728b)  -> (artifact id: '4b45feaf64f47317e428b63084de7bac') in 0.020189 seconds 
========================================================================
Received Import Request.
  Time since last request: 0.000055 seconds.
  path: Assets/Runner/Environment/Materials/GateGreen.mat
  artifactKey: Guid(8e19dc4de7323419d8e49c203a61f64b) Importer(815301076,1909f56bfc062723c751e8b465ee728b)
Start importing Assets/Runner/Environment/Materials/GateGreen.mat using Guid(8e19dc4de7323419d8e49c203a61f64b) Importer(815301076,1909f56bfc062723c751e8b465ee728b)  -> (artifact id: '9939e5a632921101f2ab9b5f7716369e') in 0.169125 seconds 
========================================================================
Received Import Request.
  Time since last request: 1.200755 seconds.
  path: Assets/Runner/Environment/Prefabs
  artifactKey: Guid(b723b9823db444d8295d1dfa0e935183) Importer(815301076,1909f56bfc062723c751e8b465ee728b)
Start importing Assets/Runner/Environment/Prefabs using Guid(b723b9823db444d8295d1dfa0e935183) Importer(815301076,1909f56bfc062723c751e8b465ee728b)  -> (artifact id: '2350ccb660a6bd3277290ab5d51e1870') in 0.002583 seconds 
========================================================================
Received Import Request.
  Time since last request: 0.037851 seconds.
  path: Assets/Runner/Environment/Prefabs/FinishLine.prefab
  artifactKey: Guid(32fa2c6232c2842b9ab5998a592d00bf) Importer(815301076,1909f56bfc062723c751e8b465ee728b)
Start importing Assets/Runner/Environment/Prefabs/FinishLine.prefab using Guid(32fa2c6232c2842b9ab5998a592d00bf) Importer(815301076,1909f56bfc062723c751e8b465ee728b)  -> (artifact id: 'b97e8eaa8e7006805c55648b57a02a26') in 0.029637 seconds 
========================================================================
Received Import Request.
  Time since last request: 1.619450 seconds.
  path: Assets/Runner/Environment/Textures
  artifactKey: Guid(22760d435b68441d0a517dfd7029ae91) Importer(815301076,1909f56bfc062723c751e8b465ee728b)
Start importing Assets/Runner/Environment/Textures using Guid(22760d435b68441d0a517dfd7029ae91) Importer(815301076,1909f56bfc062723c751e8b465ee728b)  -> (artifact id: 'fb40fe38ffb631d6352377011434d072') in 0.008080 seconds 
========================================================================
Received Import Request.
  Time since last request: 0.043694 seconds.
  path: Assets/Runner/Environment/Textures/checkerboard.png
  artifactKey: Guid(14cfbde8f5a964e61a3049a788a06617) Importer(815301076,1909f56bfc062723c751e8b465ee728b)
Start importing Assets/Runner/Environment/Textures/checkerboard.png using Guid(14cfbde8f5a964e61a3049a788a06617) Importer(815301076,1909f56bfc062723c751e8b465ee728b)  -> (artifact id: '0294636a65e79256f26ab97e04b06395') in 0.066245 seconds 
========================================================================
Received Import Request.
  Time since last request: 0.000027 seconds.
  path: Assets/Runner/Environment/Textures/Star.png
  artifactKey: Guid(5d7a6f610963b490f85be6688b1c68db) Importer(815301076,1909f56bfc062723c751e8b465ee728b)
Start importing Assets/Runner/Environment/Textures/Star.png using Guid(5d7a6f610963b490f85be6688b1c68db) Importer(815301076,1909f56bfc062723c751e8b465ee728b)  -> (artifact id: '63978a9a968a251b1064265f0ca1879c') in 0.042728 seconds 
========================================================================
Received Import Request.
  Time since last request: 5.551056 seconds.
  path: Assets/Runner/Environment/Prefabs/Spawnables
  artifactKey: Guid(5f9485369d7804eea8a900856cdf5563) Importer(815301076,1909f56bfc062723c751e8b465ee728b)
Start importing Assets/Runner/Environment/Prefabs/Spawnables using Guid(5f9485369d7804eea8a900856cdf5563) Importer(815301076,1909f56bfc062723c751e8b465ee728b)  -> (artifact id: 'ab99d9691fccc927f3e1a68ae069e9c0') in 0.007872 seconds 
========================================================================
Received Import Request.
  Time since last request: 0.004552 seconds.
  path: Assets/Runner/Environment/Prefabs/Spawnables/Collectable_Coin.prefab
  artifactKey: Guid(7a5b6c820c7fd4280a780ff9470a7d84) Importer(815301076,1909f56bfc062723c751e8b465ee728b)
Start importing Assets/Runner/Environment/Prefabs/Spawnables/Collectable_Coin.prefab using Guid(7a5b6c820c7fd4280a780ff9470a7d84) Importer(815301076,1909f56bfc062723c751e8b465ee728b)  -> (artifact id: 'e9fc3c5cfc70ad3e1b94e8246fa4bd42') in 0.018958 seconds 
========================================================================
Received Import Request.
  Time since last request: 0.000031 seconds.
  path: Assets/Runner/Environment/Prefabs/Spawnables/Gate_SizeDecrease.prefab
  artifactKey: Guid(ab22d0748f0e442098d9148039da7b5d) Importer(815301076,1909f56bfc062723c751e8b465ee728b)
Start importing Assets/Runner/Environment/Prefabs/Spawnables/Gate_SizeDecrease.prefab using Guid(ab22d0748f0e442098d9148039da7b5d) Importer(815301076,1909f56bfc062723c751e8b465ee728b)  -> (artifact id: 'd1da3e88c1eeb0016173dfc131ed7f83') in 0.047394 seconds 
========================================================================
Received Import Request.
  Time since last request: 0.000052 seconds.
  path: Assets/Runner/Environment/Prefabs/Spawnables/Obstacle.prefab
  artifactKey: Guid(be33d0e842eb84b2786dd46a6869b1ce) Importer(815301076,1909f56bfc062723c751e8b465ee728b)
Start importing Assets/Runner/Environment/Prefabs/Spawnables/Obstacle.prefab using Guid(be33d0e842eb84b2786dd46a6869b1ce) Importer(815301076,1909f56bfc062723c751e8b465ee728b)  -> (artifact id: 'b6fcd053758c326cd6220c3ff4725c81') in 0.015856 seconds 
========================================================================
Received Import Request.
  Time since last request: 0.000028 seconds.
  path: Assets/Runner/Environment/Prefabs/Spawnables/Gate_SpeedDecrease.prefab
  artifactKey: Guid(5bd318a794a4f4540b17e0167e382731) Importer(815301076,1909f56bfc062723c751e8b465ee728b)
Start importing Assets/Runner/Environment/Prefabs/Spawnables/Gate_SpeedDecrease.prefab using Guid(5bd318a794a4f4540b17e0167e382731) Importer(815301076,1909f56bfc062723c751e8b465ee728b)  -> (artifact id: '2f9d7ae294c7d71486574960e1177eaf') in 0.035525 seconds 
========================================================================
Received Import Request.
  Time since last request: 179.884052 seconds.
  path: Assets/Runner/Environment/Prefabs/Spawnables/Collectable_Coin.prefab
  artifactKey: Guid(7a5b6c820c7fd4280a780ff9470a7d84) Importer(815301076,1909f56bfc062723c751e8b465ee728b)
Start importing Assets/Runner/Environment/Prefabs/Spawnables/Collectable_Coin.prefab using Guid(7a5b6c820c7fd4280a780ff9470a7d84) Importer(815301076,1909f56bfc062723c751e8b465ee728b)  -> (artifact id: '42a918ee685a938b7be459927ecffe67') in 0.013971 seconds 
========================================================================
Received Prepare
Registering precompiled user dll's ...
Registered in 0.004912 seconds.
Begin MonoManager ReloadAssembly
Symbol file LoadedFromMemory doesn't match image C:\Users\Florea Tudor - Dorin\Desktop\ProiectEGC\Library\PackageCache\com.unity.visualscripting@1.8.0\Editor\VisualScripting.Core\Dependencies\YamlDotNet\Unity.VisualScripting.YamlDotNet.dll
Symbol file LoadedFromMemory doesn't match image C:\Users\Florea Tudor - Dorin\Desktop\ProiectEGC\Library\PackageCache\com.unity.visualscripting@1.8.0\Editor\VisualScripting.Core\Dependencies\DotNetZip\Unity.VisualScripting.IonicZip.dll
Native extension for WindowsStandalone target not found
Native extension for WebGL target not found
Refreshing native plugins compatible for Editor in 1.02 ms, found 3 plugins.
Preloading 0 native plugins for Editor in 0.00 ms.
Mono: successfully reloaded assembly
- Completed reload, in  1.313 seconds
Domain Reload Profiling:
	ReloadAssembly (1314ms)
		BeginReloadAssembly (150ms)
			ExecutionOrderSort (0ms)
			DisableScriptedObjects (7ms)
			BackupInstance (0ms)
			ReleaseScriptingObjects (0ms)
			CreateAndSetChildDomain (43ms)
		EndReloadAssembly (1073ms)
			LoadAssemblies (96ms)
			RebuildTransferFunctionScriptingTraits (0ms)
			SetupTypeCache (268ms)
			ReleaseScriptCaches (2ms)
			RebuildScriptCaches (47ms)
			SetupLoadedEditorAssemblies (582ms)
				LogAssemblyErrors (0ms)
				InitializePlatformSupportModulesInManaged (7ms)
				SetLoadedEditorAssemblies (0ms)
				RefreshPlugins (1ms)
				BeforeProcessingInitializeOnLoad (93ms)
				ProcessInitializeOnLoadAttributes (352ms)
				ProcessInitializeOnLoadMethodAttributes (123ms)
				AfterProcessingInitializeOnLoad (5ms)
				EditorAssembliesLoaded (0ms)
			ExecutionOrderSort2 (0ms)
			AwakeInstancesAfterBackupRestoration (18ms)
Platform modules already initialized, skipping
Refreshing native plugins compatible for Editor in 2.87 ms, found 3 plugins.
Preloading 0 native plugins for Editor in 0.00 ms.
Unloading 5193 Unused Serialized files (Serialized files now loaded: 0)
Unloading 30 unused Assets / (0.7 MB). Loaded Objects now: 5880.
Memory consumption went from 214.5 MB to 213.8 MB.
Total: 5.417700 ms (FindLiveObjects: 0.781800 ms CreateObjectMapping: 0.162200 ms MarkObjects: 4.068500 ms  DeleteObjects: 0.402700 ms)

AssetImportParameters requested are different than current active one (requested -> active):
  custom:video-decoder-ogg-theora: a1e56fd34408186e4bbccfd4996cb3dc -> 
  custom:container-muxer-webm: aa71ff27fc2769a1b78a27578f13a17b -> 
  custom:container-demuxer-webm: 4f35f7cbe854078d1ac9338744f61a02 -> 
  custom:video-encoder-webm-vp8: eb34c28f22e8b96e1ab97ce403110664 -> 
  custom:video-codec-MediaFoundation-h265: 746d11721c4dcdbdad8f713fa42b33f4 -> 
  custom:audio-encoder-webm-vorbis: bf7c407c2cedff20999df2af8eb42d56 -> 
  custom:framework-win-MediaFoundation: 216162199b28c13a410421893ffa2e32 -> 
  custom:container-demuxer-ogg: 62fdf1f143b41e24485cea50d1cbac27 -> 
  custom:video-decoder-webm-vp8: 9c59270c3fd7afecdb556c50c9e8de78 -> 
  custom:audio-decoder-ogg-vorbis: bf7c407c2cedff20999df2af8eb42d56 -> 
========================================================================
Received Prepare
Registering precompiled user dll's ...
Registered in 0.003835 seconds.
Begin MonoManager ReloadAssembly
Symbol file LoadedFromMemory doesn't match image C:\Users\Florea Tudor - Dorin\Desktop\ProiectEGC\Library\PackageCache\com.unity.visualscripting@1.8.0\Editor\VisualScripting.Core\Dependencies\YamlDotNet\Unity.VisualScripting.YamlDotNet.dll
Symbol file LoadedFromMemory doesn't match image C:\Users\Florea Tudor - Dorin\Desktop\ProiectEGC\Library\PackageCache\com.unity.visualscripting@1.8.0\Editor\VisualScripting.Core\Dependencies\DotNetZip\Unity.VisualScripting.IonicZip.dll
Native extension for WindowsStandalone target not found
Native extension for WebGL target not found
Refreshing native plugins compatible for Editor in 1.49 ms, found 3 plugins.
Preloading 0 native plugins for Editor in 0.00 ms.
Mono: successfully reloaded assembly
- Completed reload, in  1.306 seconds
Domain Reload Profiling:
	ReloadAssembly (1307ms)
		BeginReloadAssembly (155ms)
			ExecutionOrderSort (0ms)
			DisableScriptedObjects (6ms)
			BackupInstance (0ms)
			ReleaseScriptingObjects (0ms)
			CreateAndSetChildDomain (49ms)
		EndReloadAssembly (1060ms)
			LoadAssemblies (95ms)
			RebuildTransferFunctionScriptingTraits (0ms)
			SetupTypeCache (256ms)
			ReleaseScriptCaches (2ms)
			RebuildScriptCaches (48ms)
			SetupLoadedEditorAssemblies (559ms)
				LogAssemblyErrors (0ms)
				InitializePlatformSupportModulesInManaged (7ms)
				SetLoadedEditorAssemblies (1ms)
				RefreshPlugins (2ms)
				BeforeProcessingInitializeOnLoad (84ms)
				ProcessInitializeOnLoadAttributes (345ms)
				ProcessInitializeOnLoadMethodAttributes (115ms)
				AfterProcessingInitializeOnLoad (5ms)
				EditorAssembliesLoaded (0ms)
			ExecutionOrderSort2 (0ms)
			AwakeInstancesAfterBackupRestoration (16ms)
Platform modules already initialized, skipping
Refreshing native plugins compatible for Editor in 2.99 ms, found 3 plugins.
Preloading 0 native plugins for Editor in 0.00 ms.
Unloading 5194 Unused Serialized files (Serialized files now loaded: 0)
Unloading 25 unused Assets / (0.7 MB). Loaded Objects now: 5883.
Memory consumption went from 214.6 MB to 213.9 MB.
Total: 7.176600 ms (FindLiveObjects: 0.984800 ms CreateObjectMapping: 0.415900 ms MarkObjects: 5.310400 ms  DeleteObjects: 0.462700 ms)

AssetImportParameters requested are different than current active one (requested -> active):
  custom:video-decoder-ogg-theora: a1e56fd34408186e4bbccfd4996cb3dc -> 
  custom:container-muxer-webm: aa71ff27fc2769a1b78a27578f13a17b -> 
  custom:container-demuxer-webm: 4f35f7cbe854078d1ac9338744f61a02 -> 
  custom:video-encoder-webm-vp8: eb34c28f22e8b96e1ab97ce403110664 -> 
  custom:video-codec-MediaFoundation-h265: 746d11721c4dcdbdad8f713fa42b33f4 -> 
  custom:audio-encoder-webm-vorbis: bf7c407c2cedff20999df2af8eb42d56 -> 
  custom:framework-win-MediaFoundation: 216162199b28c13a410421893ffa2e32 -> 
  custom:container-demuxer-ogg: 62fdf1f143b41e24485cea50d1cbac27 -> 
  custom:video-decoder-webm-vp8: 9c59270c3fd7afecdb556c50c9e8de78 -> 
  custom:audio-decoder-ogg-vorbis: bf7c407c2cedff20999df2af8eb42d56 -> 
