Using pre-set license
Built from '2021.3/staging' branch; Version is '2021.3.21f1 (1b156197d683) revision 1774945'; Using compiler version '192829333'; Build Type 'Release'
OS: 'Windows 10  (10.0.19045) 64bit Professional' Language: 'en' Physical Memory: 16234 MB
BatchMode: 1, IsHumanControllingUs: 0, StartBugReporterOnCrash: 0, Is64bit: 1, IsPro: 1

COMMAND LINE ARGUMENTS:
C:\Program Files\Unity\Hub\Editor\2021.3.21f1\Editor\Unity.exe
-adb2
-batchMode
-noUpm
-name
AssetImportWorker0
-projectPath
C:/Users/speci/OneDrive/Desktop/PROIECT IA/ProiectEGC
-logFile
Logs/AssetImportWorker0.log
-srvPort
54624
Successfully changed project path to: C:/Users/speci/OneDrive/Desktop/PROIECT IA/ProiectEGC
C:/Users/speci/OneDrive/Desktop/PROIECT IA/ProiectEGC
[UnityMemory] Configuration Parameters - Can be set up in boot.config
    "memorysetup-bucket-allocator-granularity=16"
    "memorysetup-bucket-allocator-bucket-count=8"
    "memorysetup-bucket-allocator-block-size=33554432"
    "memorysetup-bucket-allocator-block-count=8"
    "memorysetup-main-allocator-block-size=16777216"
    "memorysetup-thread-allocator-block-size=16777216"
    "memorysetup-gfx-main-allocator-block-size=16777216"
    "memorysetup-gfx-thread-allocator-block-size=16777216"
    "memorysetup-cache-allocator-block-size=4194304"
    "memorysetup-typetree-allocator-block-size=2097152"
    "memorysetup-profiler-bucket-allocator-granularity=16"
    "memorysetup-profiler-bucket-allocator-bucket-count=8"
    "memorysetup-profiler-bucket-allocator-block-size=33554432"
    "memorysetup-profiler-bucket-allocator-block-count=8"
    "memorysetup-profiler-allocator-block-size=16777216"
    "memorysetup-profiler-editor-allocator-block-size=1048576"
    "memorysetup-temp-allocator-size-main=16777216"
    "memorysetup-job-temp-allocator-block-size=2097152"
    "memorysetup-job-temp-allocator-block-size-background=1048576"
    "memorysetup-job-temp-allocator-reduction-small-platforms=262144"
    "memorysetup-temp-allocator-size-background-worker=32768"
    "memorysetup-temp-allocator-size-job-worker=262144"
    "memorysetup-temp-allocator-size-preload-manager=33554432"
    "memorysetup-temp-allocator-size-nav-mesh-worker=65536"
    "memorysetup-temp-allocator-size-audio-worker=65536"
    "memorysetup-temp-allocator-size-cloud-worker=32768"
    "memorysetup-temp-allocator-size-gi-baking-worker=262144"
    "memorysetup-temp-allocator-size-gfx=262144"
Player connection [9624] Host "[IP] 192.168.1.3 [Port] 0 [Flags] 2 [Guid] 3201326842 [EditorId] 3201326842 [Version] 1048832 [Id] WindowsEditor(7,DESKTOP-SH35BUH) [Debug] 1 [PackageName] WindowsEditor [ProjectName] Editor" joined multi-casting on [225.0.0.222:54997]...

Player connection [9624] Host "[IP] 192.168.1.3 [Port] 0 [Flags] 2 [Guid] 3201326842 [EditorId] 3201326842 [Version] 1048832 [Id] WindowsEditor(7,DESKTOP-SH35BUH) [Debug] 1 [PackageName] WindowsEditor [ProjectName] Editor" joined alternative multi-casting on [225.0.0.222:34997]...

Refreshing native plugins compatible for Editor in 174.50 ms, found 3 plugins.
Preloading 0 native plugins for Editor in 0.00 ms.
Initialize engine version: 2021.3.21f1 (1b156197d683)
[Subsystems] Discovering subsystems at path C:/Program Files/Unity/Hub/Editor/2021.3.21f1/Editor/Data/Resources/UnitySubsystems
[Subsystems] Discovering subsystems at path C:/Users/speci/OneDrive/Desktop/PROIECT IA/ProiectEGC/Assets
GfxDevice: creating device client; threaded=0; jobified=0
Direct3D:
    Version:  Direct3D 11.0 [level 11.1]
    Renderer: NVIDIA GeForce GTX 1650 (ID=0x1f91)
    Vendor:   NVIDIA
    VRAM:     3949 MB
    Driver:   31.0.15.3598
Initialize mono
Mono path[0] = 'C:/Program Files/Unity/Hub/Editor/2021.3.21f1/Editor/Data/Managed'
Mono path[1] = 'C:/Program Files/Unity/Hub/Editor/2021.3.21f1/Editor/Data/MonoBleedingEdge/lib/mono/unityjit-win32'
Mono config path = 'C:/Program Files/Unity/Hub/Editor/2021.3.21f1/Editor/Data/MonoBleedingEdge/etc'
Using monoOptions --debugger-agent=transport=dt_socket,embedding=1,server=y,suspend=n,address=127.0.0.1:56464
Begin MonoManager ReloadAssembly
Registering precompiled unity dll's ...
Register platform support module: C:/Program Files/Unity/Hub/Editor/2021.3.21f1/Editor/Data/PlaybackEngines/WindowsStandaloneSupport/UnityEditor.WindowsStandalone.Extensions.dll
Registered in 0.014149 seconds.
Native extension for WindowsStandalone target not found
Refreshing native plugins compatible for Editor in 193.49 ms, found 3 plugins.
Preloading 0 native plugins for Editor in 0.00 ms.
Mono: successfully reloaded assembly
- Completed reload, in  1.266 seconds
Domain Reload Profiling:
	ReloadAssembly (1267ms)
		BeginReloadAssembly (149ms)
			ExecutionOrderSort (0ms)
			DisableScriptedObjects (0ms)
			BackupInstance (0ms)
			ReleaseScriptingObjects (0ms)
			CreateAndSetChildDomain (1ms)
		EndReloadAssembly (930ms)
			LoadAssemblies (144ms)
			RebuildTransferFunctionScriptingTraits (0ms)
			SetupTypeCache (220ms)
			ReleaseScriptCaches (0ms)
			RebuildScriptCaches (50ms)
			SetupLoadedEditorAssemblies (559ms)
				LogAssemblyErrors (0ms)
				InitializePlatformSupportModulesInManaged (17ms)
				SetLoadedEditorAssemblies (0ms)
				RefreshPlugins (194ms)
				BeforeProcessingInitializeOnLoad (2ms)
				ProcessInitializeOnLoadAttributes (260ms)
				ProcessInitializeOnLoadMethodAttributes (86ms)
				AfterProcessingInitializeOnLoad (0ms)
				EditorAssembliesLoaded (0ms)
			ExecutionOrderSort2 (0ms)
			AwakeInstancesAfterBackupRestoration (0ms)
Platform modules already initialized, skipping
Registering precompiled user dll's ...
Registered in 0.009871 seconds.
Begin MonoManager ReloadAssembly
Symbol file LoadedFromMemory doesn't match image C:\Users\speci\OneDrive\Desktop\PROIECT IA\ProiectEGC\Library\PackageCache\com.unity.visualscripting@1.8.0\Editor\VisualScripting.Core\Dependencies\YamlDotNet\Unity.VisualScripting.YamlDotNet.dll
Symbol file LoadedFromMemory doesn't match image C:\Users\speci\OneDrive\Desktop\PROIECT IA\ProiectEGC\Library\PackageCache\com.unity.visualscripting@1.8.0\Editor\VisualScripting.Core\Dependencies\DotNetZip\Unity.VisualScripting.IonicZip.dll
Native extension for WindowsStandalone target not found
Refreshing native plugins compatible for Editor in 193.74 ms, found 3 plugins.
Preloading 0 native plugins for Editor in 0.00 ms.
Mono: successfully reloaded assembly
- Completed reload, in  2.740 seconds
Domain Reload Profiling:
	ReloadAssembly (2743ms)
		BeginReloadAssembly (393ms)
			ExecutionOrderSort (0ms)
			DisableScriptedObjects (10ms)
			BackupInstance (0ms)
			ReleaseScriptingObjects (0ms)
			CreateAndSetChildDomain (118ms)
		EndReloadAssembly (1955ms)
			LoadAssemblies (289ms)
			RebuildTransferFunctionScriptingTraits (0ms)
			SetupTypeCache (531ms)
			ReleaseScriptCaches (1ms)
			RebuildScriptCaches (132ms)
			SetupLoadedEditorAssemblies (1018ms)
				LogAssemblyErrors (0ms)
				InitializePlatformSupportModulesInManaged (7ms)
				SetLoadedEditorAssemblies (0ms)
				RefreshPlugins (194ms)
				BeforeProcessingInitializeOnLoad (172ms)
				ProcessInitializeOnLoadAttributes (486ms)
				ProcessInitializeOnLoadMethodAttributes (139ms)
				AfterProcessingInitializeOnLoad (19ms)
				EditorAssembliesLoaded (0ms)
			ExecutionOrderSort2 (0ms)
			AwakeInstancesAfterBackupRestoration (21ms)
Platform modules already initialized, skipping
========================================================================
Worker process is ready to serve import requests
Launched and connected shader compiler UnityShaderCompiler.exe after 0.07 seconds
Refreshing native plugins compatible for Editor in 1.06 ms, found 3 plugins.
Preloading 0 native plugins for Editor in 0.00 ms.
Unloading 5322 Unused Serialized files (Serialized files now loaded: 0)
Unloading 34 unused Assets / (0.7 MB). Loaded Objects now: 5776.
Memory consumption went from 213.6 MB to 212.9 MB.
Total: 4.642000 ms (FindLiveObjects: 0.426800 ms CreateObjectMapping: 0.413600 ms MarkObjects: 3.475800 ms  DeleteObjects: 0.324900 ms)

AssetImportParameters requested are different than current active one (requested -> active):
  custom:video-decoder-ogg-theora: a1e56fd34408186e4bbccfd4996cb3dc -> 
  custom:container-muxer-webm: aa71ff27fc2769a1b78a27578f13a17b -> 
  custom:container-demuxer-webm: 4f35f7cbe854078d1ac9338744f61a02 -> 
  custom:video-encoder-webm-vp8: eb34c28f22e8b96e1ab97ce403110664 -> 
  custom:audio-encoder-webm-vorbis: bf7c407c2cedff20999df2af8eb42d56 -> 
  custom:framework-win-MediaFoundation: 216162199b28c13a410421893ffa2e32 -> 
  custom:container-demuxer-ogg: 62fdf1f143b41e24485cea50d1cbac27 -> 
  custom:video-decoder-webm-vp8: 9c59270c3fd7afecdb556c50c9e8de78 -> 
  custom:audio-decoder-ogg-vorbis: bf7c407c2cedff20999df2af8eb42d56 -> 
========================================================================
Received Import Request.
  Time since last request: 85443.583844 seconds.
  path: Assets/Unity.Hypercasual.asmdef
  artifactKey: Guid(3d72f113c67d9c5458d6853848c3189e) Importer(815301076,1909f56bfc062723c751e8b465ee728b)
Start importing Assets/Unity.Hypercasual.asmdef using Guid(3d72f113c67d9c5458d6853848c3189e) Importer(815301076,1909f56bfc062723c751e8b465ee728b)  -> (artifact id: 'f7c9f813566d38d810f82fdbffb6496f') in 0.039521 seconds 
========================================================================
Received Import Request.
  Time since last request: 17.810994 seconds.
  path: Assets/Runner/Scenes
  artifactKey: Guid(ae06d6c21460d45ddb2f3fee0fdbba3e) Importer(815301076,1909f56bfc062723c751e8b465ee728b)
Start importing Assets/Runner/Scenes using Guid(ae06d6c21460d45ddb2f3fee0fdbba3e) Importer(815301076,1909f56bfc062723c751e8b465ee728b)  -> (artifact id: '10100a4cee8a32e6b819eb5ffe1b150c') in 0.008146 seconds 
========================================================================
Received Prepare
Registering precompiled user dll's ...
Registered in 0.009673 seconds.
Begin MonoManager ReloadAssembly
Symbol file LoadedFromMemory doesn't match image C:\Users\speci\OneDrive\Desktop\PROIECT IA\ProiectEGC\Library\PackageCache\com.unity.visualscripting@1.8.0\Editor\VisualScripting.Core\Dependencies\YamlDotNet\Unity.VisualScripting.YamlDotNet.dll
Symbol file LoadedFromMemory doesn't match image C:\Users\speci\OneDrive\Desktop\PROIECT IA\ProiectEGC\Library\PackageCache\com.unity.visualscripting@1.8.0\Editor\VisualScripting.Core\Dependencies\DotNetZip\Unity.VisualScripting.IonicZip.dll
Native extension for WindowsStandalone target not found
Refreshing native plugins compatible for Editor in 1.21 ms, found 3 plugins.
Preloading 0 native plugins for Editor in 0.00 ms.
Mono: successfully reloaded assembly
- Completed reload, in  1.918 seconds
Domain Reload Profiling:
	ReloadAssembly (1918ms)
		BeginReloadAssembly (197ms)
			ExecutionOrderSort (0ms)
			DisableScriptedObjects (6ms)
			BackupInstance (0ms)
			ReleaseScriptingObjects (0ms)
			CreateAndSetChildDomain (50ms)
		EndReloadAssembly (1581ms)
			LoadAssemblies (121ms)
			RebuildTransferFunctionScriptingTraits (0ms)
			SetupTypeCache (483ms)
			ReleaseScriptCaches (3ms)
			RebuildScriptCaches (79ms)
			SetupLoadedEditorAssemblies (797ms)
				LogAssemblyErrors (0ms)
				InitializePlatformSupportModulesInManaged (9ms)
				SetLoadedEditorAssemblies (1ms)
				RefreshPlugins (1ms)
				BeforeProcessingInitializeOnLoad (150ms)
				ProcessInitializeOnLoadAttributes (489ms)
				ProcessInitializeOnLoadMethodAttributes (134ms)
				AfterProcessingInitializeOnLoad (13ms)
				EditorAssembliesLoaded (0ms)
			ExecutionOrderSort2 (0ms)
			AwakeInstancesAfterBackupRestoration (17ms)
Platform modules already initialized, skipping
Refreshing native plugins compatible for Editor in 3.38 ms, found 3 plugins.
Preloading 0 native plugins for Editor in 0.00 ms.
Unloading 5184 Unused Serialized files (Serialized files now loaded: 0)
Unloading 25 unused Assets / (0.7 MB). Loaded Objects now: 5779.
Memory consumption went from 206.5 MB to 205.8 MB.
Total: 6.632000 ms (FindLiveObjects: 0.477700 ms CreateObjectMapping: 0.737200 ms MarkObjects: 4.987900 ms  DeleteObjects: 0.427700 ms)

AssetImportParameters requested are different than current active one (requested -> active):
  custom:video-decoder-ogg-theora: a1e56fd34408186e4bbccfd4996cb3dc -> 
  custom:container-muxer-webm: aa71ff27fc2769a1b78a27578f13a17b -> 
  custom:container-demuxer-webm: 4f35f7cbe854078d1ac9338744f61a02 -> 
  custom:video-encoder-webm-vp8: eb34c28f22e8b96e1ab97ce403110664 -> 
  custom:audio-encoder-webm-vorbis: bf7c407c2cedff20999df2af8eb42d56 -> 
  custom:framework-win-MediaFoundation: 216162199b28c13a410421893ffa2e32 -> 
  custom:container-demuxer-ogg: 62fdf1f143b41e24485cea50d1cbac27 -> 
  custom:video-decoder-webm-vp8: 9c59270c3fd7afecdb556c50c9e8de78 -> 
  custom:audio-decoder-ogg-vorbis: bf7c407c2cedff20999df2af8eb42d56 -> 
========================================================================
Received Import Request.
  Time since last request: 13.999257 seconds.
  path: Assets/Shared
  artifactKey: Guid(4c2e49fcd0c9c4c83a102bd8a592f14d) Importer(815301076,1909f56bfc062723c751e8b465ee728b)
Start importing Assets/Shared using Guid(4c2e49fcd0c9c4c83a102bd8a592f14d) Importer(815301076,1909f56bfc062723c751e8b465ee728b)  -> (artifact id: 'b8217de784fe543fb0cc6dabcdb8be71') in 0.026381 seconds 
========================================================================
Received Import Request.
  Time since last request: 1.221567 seconds.
  path: Assets/Shared/Scenes
  artifactKey: Guid(0bf88f97543ae4ad7a9906fce66e1f89) Importer(815301076,1909f56bfc062723c751e8b465ee728b)
Start importing Assets/Shared/Scenes using Guid(0bf88f97543ae4ad7a9906fce66e1f89) Importer(815301076,1909f56bfc062723c751e8b465ee728b)  -> (artifact id: '5275485d20c1fb216d77516f0181fe8e') in 0.002412 seconds 
========================================================================
Received Import Request.
  Time since last request: 0.734195 seconds.
  path: Assets/Shared/Scenes/Boot.unity
  artifactKey: Guid(c08c9c64ef12d4b4b8d662c37aa3afab) Importer(815301076,1909f56bfc062723c751e8b465ee728b)
Start importing Assets/Shared/Scenes/Boot.unity using Guid(c08c9c64ef12d4b4b8d662c37aa3afab) Importer(815301076,1909f56bfc062723c751e8b465ee728b)  -> (artifact id: 'd93a32ef91743ffba22ce64f3fcb7e7e') in 0.011206 seconds 
========================================================================
Received Prepare
Registering precompiled user dll's ...
Registered in 0.009946 seconds.
Begin MonoManager ReloadAssembly
Symbol file LoadedFromMemory doesn't match image C:\Users\speci\OneDrive\Desktop\PROIECT IA\ProiectEGC\Library\PackageCache\com.unity.visualscripting@1.8.0\Editor\VisualScripting.Core\Dependencies\YamlDotNet\Unity.VisualScripting.YamlDotNet.dll
Symbol file LoadedFromMemory doesn't match image C:\Users\speci\OneDrive\Desktop\PROIECT IA\ProiectEGC\Library\PackageCache\com.unity.visualscripting@1.8.0\Editor\VisualScripting.Core\Dependencies\DotNetZip\Unity.VisualScripting.IonicZip.dll
Native extension for WindowsStandalone target not found
Refreshing native plugins compatible for Editor in 3.00 ms, found 3 plugins.
Preloading 0 native plugins for Editor in 0.00 ms.
Mono: successfully reloaded assembly
- Completed reload, in  1.929 seconds
Domain Reload Profiling:
	ReloadAssembly (1930ms)
		BeginReloadAssembly (212ms)
			ExecutionOrderSort (0ms)
			DisableScriptedObjects (8ms)
			BackupInstance (0ms)
			ReleaseScriptingObjects (0ms)
			CreateAndSetChildDomain (60ms)
		EndReloadAssembly (1569ms)
			LoadAssemblies (135ms)
			RebuildTransferFunctionScriptingTraits (0ms)
			SetupTypeCache (439ms)
			ReleaseScriptCaches (3ms)
			RebuildScriptCaches (83ms)
			SetupLoadedEditorAssemblies (806ms)
				LogAssemblyErrors (0ms)
				InitializePlatformSupportModulesInManaged (11ms)
				SetLoadedEditorAssemblies (1ms)
				RefreshPlugins (3ms)
				BeforeProcessingInitializeOnLoad (151ms)
				ProcessInitializeOnLoadAttributes (490ms)
				ProcessInitializeOnLoadMethodAttributes (136ms)
				AfterProcessingInitializeOnLoad (13ms)
				EditorAssembliesLoaded (0ms)
			ExecutionOrderSort2 (0ms)
			AwakeInstancesAfterBackupRestoration (18ms)
Platform modules already initialized, skipping
Refreshing native plugins compatible for Editor in 4.77 ms, found 3 plugins.
Preloading 0 native plugins for Editor in 0.00 ms.
Unloading 5184 Unused Serialized files (Serialized files now loaded: 0)
Unloading 25 unused Assets / (0.7 MB). Loaded Objects now: 5782.
Memory consumption went from 206.5 MB to 205.8 MB.
Total: 7.578600 ms (FindLiveObjects: 0.710300 ms CreateObjectMapping: 0.878900 ms MarkObjects: 5.553400 ms  DeleteObjects: 0.434300 ms)

AssetImportParameters requested are different than current active one (requested -> active):
  custom:video-decoder-ogg-theora: a1e56fd34408186e4bbccfd4996cb3dc -> 
  custom:container-muxer-webm: aa71ff27fc2769a1b78a27578f13a17b -> 
  custom:container-demuxer-webm: 4f35f7cbe854078d1ac9338744f61a02 -> 
  custom:video-encoder-webm-vp8: eb34c28f22e8b96e1ab97ce403110664 -> 
  custom:audio-encoder-webm-vorbis: bf7c407c2cedff20999df2af8eb42d56 -> 
  custom:framework-win-MediaFoundation: 216162199b28c13a410421893ffa2e32 -> 
  custom:container-demuxer-ogg: 62fdf1f143b41e24485cea50d1cbac27 -> 
  custom:video-decoder-webm-vp8: 9c59270c3fd7afecdb556c50c9e8de78 -> 
  custom:audio-decoder-ogg-vorbis: bf7c407c2cedff20999df2af8eb42d56 -> 
========================================================================
Received Import Request.
  Time since last request: 29.945587 seconds.
  path: Assets/Runner
  artifactKey: Guid(5e0ff5c34c02b40b194389b42c9dc107) Importer(815301076,1909f56bfc062723c751e8b465ee728b)
Start importing Assets/Runner using Guid(5e0ff5c34c02b40b194389b42c9dc107) Importer(815301076,1909f56bfc062723c751e8b465ee728b)  -> (artifact id: 'edba773246600bb687a83f07c4640384') in 0.020391 seconds 
========================================================================
Received Import Request.
  Time since last request: 2.830627 seconds.
  path: Assets/Runner/Environment
  artifactKey: Guid(5d8d1a7a6703d4b7bab94ea63cbe60d9) Importer(815301076,1909f56bfc062723c751e8b465ee728b)
Start importing Assets/Runner/Environment using Guid(5d8d1a7a6703d4b7bab94ea63cbe60d9) Importer(815301076,1909f56bfc062723c751e8b465ee728b)  -> (artifact id: '3d8c0cddc73a4ade9845c1e34a7480a2') in 0.012934 seconds 
========================================================================
Received Import Request.
  Time since last request: 0.751697 seconds.
  path: Assets/Runner/Environment/Levels
  artifactKey: Guid(13c9bad5bf5554e6c889e1627c910c25) Importer(815301076,1909f56bfc062723c751e8b465ee728b)
Start importing Assets/Runner/Environment/Levels using Guid(13c9bad5bf5554e6c889e1627c910c25) Importer(815301076,1909f56bfc062723c751e8b465ee728b)  -> (artifact id: '344a050dfff8f9cfc1b0240ca4ddadfd') in 0.011888 seconds 
========================================================================
Received Import Request.
  Time since last request: 0.050955 seconds.
  path: Assets/Runner/Environment/Levels/Level_000 1.asset
  artifactKey: Guid(366fbc992d8c5b64a8b99695369b6fd0) Importer(815301076,1909f56bfc062723c751e8b465ee728b)
Start importing Assets/Runner/Environment/Levels/Level_000 1.asset using Guid(366fbc992d8c5b64a8b99695369b6fd0) Importer(815301076,1909f56bfc062723c751e8b465ee728b)  -> (artifact id: 'd7885890a4f678d27c3251ae7dc46904') in 0.101734 seconds 
========================================================================
Received Import Request.
  Time since last request: 16.326572 seconds.
  path: Assets/Runner/Environment/Levels/Level_000 2.asset
  artifactKey: Guid(d42999e4de6a06c48911acceaeab6e27) Importer(815301076,1909f56bfc062723c751e8b465ee728b)
Start importing Assets/Runner/Environment/Levels/Level_000 2.asset using Guid(d42999e4de6a06c48911acceaeab6e27) Importer(815301076,1909f56bfc062723c751e8b465ee728b)  -> (artifact id: '1e76d93bf471c675bfa29f5720bab028') in 0.037711 seconds 
========================================================================
Received Import Request.
  Time since last request: 1.597273 seconds.
  path: Assets/Runner/Environment/Levels/Level_000 3.asset
  artifactKey: Guid(2b8faf5a07bca0e44acffa13ebd40e20) Importer(815301076,1909f56bfc062723c751e8b465ee728b)
Start importing Assets/Runner/Environment/Levels/Level_000 3.asset using Guid(2b8faf5a07bca0e44acffa13ebd40e20) Importer(815301076,1909f56bfc062723c751e8b465ee728b)  -> (artifact id: '075f08198f21b3d0b4a61215dbac4339') in 0.040028 seconds 
========================================================================
Received Import Request.
  Time since last request: 0.668612 seconds.
  path: Assets/Runner/Environment/Levels/Level_000 4.asset
  artifactKey: Guid(a9985d41945c6be4e8e59b53093fb196) Importer(815301076,1909f56bfc062723c751e8b465ee728b)
Start importing Assets/Runner/Environment/Levels/Level_000 4.asset using Guid(a9985d41945c6be4e8e59b53093fb196) Importer(815301076,1909f56bfc062723c751e8b465ee728b)  -> (artifact id: '2c4ef6b5a5bfc074af3166fc7c79d8ad') in 0.040170 seconds 
========================================================================
Received Import Request.
  Time since last request: 7.742211 seconds.
  path: Assets/Runner/Environment/Levels/Level_001.asset
  artifactKey: Guid(366fbc992d8c5b64a8b99695369b6fd0) Importer(815301076,1909f56bfc062723c751e8b465ee728b)
Start importing Assets/Runner/Environment/Levels/Level_001.asset using Guid(366fbc992d8c5b64a8b99695369b6fd0) Importer(815301076,1909f56bfc062723c751e8b465ee728b)  -> (artifact id: '271a24409e6501dba1cd1cfc5e1339c3') in 0.047047 seconds 
========================================================================
Received Import Request.
  Time since last request: 4.543156 seconds.
  path: Assets/Runner/Environment/Levels/Level_002.asset
  artifactKey: Guid(d42999e4de6a06c48911acceaeab6e27) Importer(815301076,1909f56bfc062723c751e8b465ee728b)
Start importing Assets/Runner/Environment/Levels/Level_002.asset using Guid(d42999e4de6a06c48911acceaeab6e27) Importer(815301076,1909f56bfc062723c751e8b465ee728b)  -> (artifact id: '9547ff7130cb3ebf62e5200f55c226f7') in 0.039364 seconds 
========================================================================
Received Import Request.
  Time since last request: 12.283455 seconds.
  path: Assets/Runner/Environment/Levels/Level_003.asset
  artifactKey: Guid(2b8faf5a07bca0e44acffa13ebd40e20) Importer(815301076,1909f56bfc062723c751e8b465ee728b)
Start importing Assets/Runner/Environment/Levels/Level_003.asset using Guid(2b8faf5a07bca0e44acffa13ebd40e20) Importer(815301076,1909f56bfc062723c751e8b465ee728b)  -> (artifact id: '30927abe2d5b267c65ba253d3eb7a0e8') in 0.043386 seconds 
========================================================================
Received Import Request.
  Time since last request: 7.367228 seconds.
  path: Assets/Runner/Environment/Levels/Level_004.asset
  artifactKey: Guid(a9985d41945c6be4e8e59b53093fb196) Importer(815301076,1909f56bfc062723c751e8b465ee728b)
Start importing Assets/Runner/Environment/Levels/Level_004.asset using Guid(a9985d41945c6be4e8e59b53093fb196) Importer(815301076,1909f56bfc062723c751e8b465ee728b)  -> (artifact id: '476a51ef2d738c02b50513f8e1289978') in 0.041697 seconds 
